#Software: iisexpress
#ProcessID: 2836
#AppDomain: /LM/W3SVC/18/ROOT-1-130963720863528254
#FileName: C:\Program Files (x86)\IIS Express\iisexpress.exe
#BaseDirectory: D:\02.SoftData\99.DevProject\15.WFX\trunk\01.Src\wfx3.0\web\
#CurrentDirectory: C:\Program Files (x86)\IIS Express
#CommandLine: /config:"C:\Users\DX\Documents\IISExpress\config\applicationhost.config"  /site:"web(1)" /apppool:"Clr4ClassicAppPool"
#ApplicationType: Web
#CLR: 4.0.30319.34209
#OS: Windows 7 Service Pack 1 x64, DX/DXD-PC
#CPU: Intel(R) Core(TM) i5-3470 CPU @ 3.20GHz BFEBFBFF000306A9
#Memory: 2,571M/10,185M
#Date: 2016-01-04
#字段: 时间 线程ID 线程池Y网页W普通N 线程名 消息内容
#Fields: Time ThreadID IsPoolThread ThreadName Message
17:18:13.588 31 Y - NewLife.Core v5.4.2015.0511 Build 2015-09-15 21:09:08
17:18:14.145 31 Y - 订单确认收货时更新SQL：begin try  
  begin tran TranUpdate 
 UPDATE aspnet_Distributors SET ReferralBlance = ISNULL(ReferralBlance, 0) + 6.00 WHERE UserId = 15915 ; 
 UPDATE aspnet_Distributors SET ReferralBlance = ISNULL(ReferralBlance, 0) + 1.50 WHERE UserId = 15874 ; 
 UPDATE aspnet_Distributors SET ReferralBlance = ISNULL(ReferralBlance, 0) + 0.75 WHERE UserId = 360 ; 
 UPDATE aspnet_Distributors SET ReferralBlance = ISNULL(ReferralBlance, 0) + 1.50 WHERE UserId = 220 ; 
 UPDATE aspnet_Distributors SET ReferralBlance = ISNULL(ReferralBlance, 0) + 0.75 WHERE UserId = 262 ; 
 UPDATE Hishop_Commissions SET CommOrderStatus = 1 WHERE OrderId = '201512230490010' ;
  COMMIT TRAN TranUpdate 
  end try 
                    begin catch 
                        ROLLBACK TRAN TranUpdate
                    end catch 

17:18:14.647 31 Y - 订单确认收货时更新SQL：begin try  
  begin tran TranUpdate 
 UPDATE aspnet_Distributors SET ReferralBlance = ISNULL(ReferralBlance, 0) + 18.00 WHERE UserId = 7784 ; 
 UPDATE aspnet_Distributors SET ReferralBlance = ISNULL(ReferralBlance, 0) + 4.50 WHERE UserId = 589 ; 
 UPDATE aspnet_Distributors SET ReferralBlance = ISNULL(ReferralBlance, 0) + 2.25 WHERE UserId = 300 ; 
 UPDATE aspnet_Distributors SET ReferralBlance = ISNULL(ReferralBlance, 0) + 4.50 WHERE UserId = 300 ; 
 UPDATE aspnet_Distributors SET ReferralBlance = ISNULL(ReferralBlance, 0) + 2.25 WHERE UserId = 218 ; 
 UPDATE Hishop_Commissions SET CommOrderStatus = 1 WHERE OrderId = '201512237463595' ;
  COMMIT TRAN TranUpdate 
  end try 
                    begin catch 
                        ROLLBACK TRAN TranUpdate
                    end catch 

17:18:14.808 31 Y - 订单确认收货时更新SQL：begin try  
  begin tran TranUpdate 
 UPDATE aspnet_Distributors SET ReferralBlance = ISNULL(ReferralBlance, 0) + 18.00 WHERE UserId = 843 ; 
 UPDATE aspnet_Distributors SET ReferralBlance = ISNULL(ReferralBlance, 0) + 4.50 WHERE UserId = 334 ; 
 UPDATE aspnet_Distributors SET ReferralBlance = ISNULL(ReferralBlance, 0) + 2.25 WHERE UserId = 314 ; 
 UPDATE aspnet_Distributors SET ReferralBlance = ISNULL(ReferralBlance, 0) + 4.50 WHERE UserId = 334 ; 
 UPDATE aspnet_Distributors SET ReferralBlance = ISNULL(ReferralBlance, 0) + 2.25 WHERE UserId = 314 ; 
 UPDATE Hishop_Commissions SET CommOrderStatus = 1 WHERE OrderId = '201512235245424' ;
  COMMIT TRAN TranUpdate 
  end try 
                    begin catch 
                        ROLLBACK TRAN TranUpdate
                    end catch 

17:18:14.969 31 Y - 订单确认收货时更新SQL：begin try  
  begin tran TranUpdate 
 UPDATE aspnet_Distributors SET ReferralBlance = ISNULL(ReferralBlance, 0) + 18.00 WHERE UserId = 801 ; 
 UPDATE aspnet_Distributors SET ReferralBlance = ISNULL(ReferralBlance, 0) + 4.50 WHERE UserId = 277 ; 
 UPDATE aspnet_Distributors SET ReferralBlance = ISNULL(ReferralBlance, 0) + 2.25 WHERE UserId = 262 ; 
 UPDATE aspnet_Distributors SET ReferralBlance = ISNULL(ReferralBlance, 0) + 4.50 WHERE UserId = 277 ; 
 UPDATE aspnet_Distributors SET ReferralBlance = ISNULL(ReferralBlance, 0) + 2.25 WHERE UserId = 262 ; 
 UPDATE Hishop_Commissions SET CommOrderStatus = 1 WHERE OrderId = '201512234659644' ;
  COMMIT TRAN TranUpdate 
  end try 
                    begin catch 
                        ROLLBACK TRAN TranUpdate
                    end catch 

17:18:15.443 31 Y - 订单确认收货时更新SQL：begin try  
  begin tran TranUpdate 
 UPDATE aspnet_Distributors SET ReferralBlance = ISNULL(ReferralBlance, 0) + 14.00 WHERE UserId = 6544 ; 
 UPDATE aspnet_Distributors SET ReferralBlance = ISNULL(ReferralBlance, 0) + 3.50 WHERE UserId = 5558 ; 
 UPDATE aspnet_Distributors SET ReferralBlance = ISNULL(ReferralBlance, 0) + 1.75 WHERE UserId = 217 ; 
 UPDATE aspnet_Distributors SET ReferralBlance = ISNULL(ReferralBlance, 0) + 3.50 WHERE UserId = 5558 ; 
 UPDATE aspnet_Distributors SET ReferralBlance = ISNULL(ReferralBlance, 0) + 1.75 WHERE UserId = 217 ; 
 UPDATE Hishop_Commissions SET CommOrderStatus = 1 WHERE OrderId = '201512239713490' ;
  COMMIT TRAN TranUpdate 
  end try 
                    begin catch 
                        ROLLBACK TRAN TranUpdate
                    end catch 

17:18:15.597 31 Y - 订单确认收货时更新SQL：begin try  
  begin tran TranUpdate 
 UPDATE aspnet_Distributors SET ReferralBlance = ISNULL(ReferralBlance, 0) + 14.00 WHERE UserId = 8443 ; 
 UPDATE aspnet_Distributors SET ReferralBlance = ISNULL(ReferralBlance, 0) + 3.50 WHERE UserId = 7664 ; 
 UPDATE aspnet_Distributors SET ReferralBlance = ISNULL(ReferralBlance, 0) + 1.75 WHERE UserId = 757 ; 
 UPDATE aspnet_Distributors SET ReferralBlance = ISNULL(ReferralBlance, 0) + 3.50 WHERE UserId = 757 ; 
 UPDATE aspnet_Distributors SET ReferralBlance = ISNULL(ReferralBlance, 0) + 1.75 WHERE UserId = 218 ; 
 UPDATE Hishop_Commissions SET CommOrderStatus = 1 WHERE OrderId = '201512234469579' ;
  COMMIT TRAN TranUpdate 
  end try 
                    begin catch 
                        ROLLBACK TRAN TranUpdate
                    end catch 

17:18:16.610 31 Y - 订单确认收货时更新SQL：begin try  
  begin tran TranUpdate 
 UPDATE aspnet_Distributors SET ReferralBlance = ISNULL(ReferralBlance, 0) + 14.00 WHERE UserId = 459 ; 
 UPDATE aspnet_Distributors SET ReferralBlance = ISNULL(ReferralBlance, 0) + 3.50 WHERE UserId = 252 ; 
 UPDATE aspnet_Distributors SET ReferralBlance = ISNULL(ReferralBlance, 0) + 1.75 WHERE UserId = 218 ; 
 UPDATE aspnet_Distributors SET ReferralBlance = ISNULL(ReferralBlance, 0) + 3.50 WHERE UserId = 252 ; 
 UPDATE aspnet_Distributors SET ReferralBlance = ISNULL(ReferralBlance, 0) + 1.75 WHERE UserId = 218 ; 
 UPDATE Hishop_Commissions SET CommOrderStatus = 1 WHERE OrderId = '201512236487970' ;
  COMMIT TRAN TranUpdate 
  end try 
                    begin catch 
                        ROLLBACK TRAN TranUpdate
                    end catch 

17:18:16.769 31 Y - 订单确认收货时更新SQL：begin try  
  begin tran TranUpdate 
 UPDATE aspnet_Distributors SET ReferralBlance = ISNULL(ReferralBlance, 0) + 14.00 WHERE UserId = 298 ; 
 UPDATE aspnet_Distributors SET ReferralBlance = ISNULL(ReferralBlance, 0) + 3.50 WHERE UserId = 245 ; 
 UPDATE aspnet_Distributors SET ReferralBlance = ISNULL(ReferralBlance, 0) + 1.75 WHERE UserId = 218 ; 
 UPDATE aspnet_Distributors SET ReferralBlance = ISNULL(ReferralBlance, 0) + 3.50 WHERE UserId = 298 ; 
 UPDATE aspnet_Distributors SET ReferralBlance = ISNULL(ReferralBlance, 0) + 1.75 WHERE UserId = 245 ; 
 UPDATE Hishop_Commissions SET CommOrderStatus = 1 WHERE OrderId = '201512233397659' ;
  COMMIT TRAN TranUpdate 
  end try 
                    begin catch 
                        ROLLBACK TRAN TranUpdate
                    end catch 

17:18:16.940 31 Y - 订单确认收货时更新SQL：begin try  
  begin tran TranUpdate 
 UPDATE aspnet_Distributors SET ReferralBlance = ISNULL(ReferralBlance, 0) + 14.00 WHERE UserId = 757 ; 
 UPDATE aspnet_Distributors SET ReferralBlance = ISNULL(ReferralBlance, 0) + 3.50 WHERE UserId = 575 ; 
 UPDATE aspnet_Distributors SET ReferralBlance = ISNULL(ReferralBlance, 0) + 1.75 WHERE UserId = 222 ; 
 UPDATE aspnet_Distributors SET ReferralBlance = ISNULL(ReferralBlance, 0) + 3.50 WHERE UserId = 757 ; 
 UPDATE aspnet_Distributors SET ReferralBlance = ISNULL(ReferralBlance, 0) + 1.75 WHERE UserId = 218 ; 
 UPDATE Hishop_Commissions SET CommOrderStatus = 1 WHERE OrderId = '201512238649109' ;
  COMMIT TRAN TranUpdate 
  end try 
                    begin catch 
                        ROLLBACK TRAN TranUpdate
                    end catch 

17:18:17.128 31 Y - 订单确认收货时更新SQL：begin try  
  begin tran TranUpdate 
 UPDATE aspnet_Distributors SET ReferralBlance = ISNULL(ReferralBlance, 0) + 14.00 WHERE UserId = 764 ; 
 UPDATE aspnet_Distributors SET ReferralBlance = ISNULL(ReferralBlance, 0) + 3.50 WHERE UserId = 594 ; 
 UPDATE aspnet_Distributors SET ReferralBlance = ISNULL(ReferralBlance, 0) + 1.75 WHERE UserId = 300 ; 
 UPDATE aspnet_Distributors SET ReferralBlance = ISNULL(ReferralBlance, 0) + 3.50 WHERE UserId = 300 ; 
 UPDATE aspnet_Distributors SET ReferralBlance = ISNULL(ReferralBlance, 0) + 1.75 WHERE UserId = 218 ; 
 UPDATE Hishop_Commissions SET CommOrderStatus = 1 WHERE OrderId = '201512238390310' ;
  COMMIT TRAN TranUpdate 
  end try 
                    begin catch 
                        ROLLBACK TRAN TranUpdate
                    end catch 

17:18:17.585 31 Y - 订单确认收货时更新SQL：begin try  
  begin tran TranUpdate 
 UPDATE aspnet_Distributors SET ReferralBlance = ISNULL(ReferralBlance, 0) + 14.00 WHERE UserId = 8720 ; 
 UPDATE aspnet_Distributors SET ReferralBlance = ISNULL(ReferralBlance, 0) + 3.50 WHERE UserId = 4454 ; 
 UPDATE aspnet_Distributors SET ReferralBlance = ISNULL(ReferralBlance, 0) + 1.75 WHERE UserId = 816 ; 
 UPDATE aspnet_Distributors SET ReferralBlance = ISNULL(ReferralBlance, 0) + 3.50 WHERE UserId = 327 ; 
 UPDATE aspnet_Distributors SET ReferralBlance = ISNULL(ReferralBlance, 0) + 1.75 WHERE UserId = 314 ; 
 UPDATE Hishop_Commissions SET CommOrderStatus = 1 WHERE OrderId = '201512231029783' ;
  COMMIT TRAN TranUpdate 
  end try 
                    begin catch 
                        ROLLBACK TRAN TranUpdate
                    end catch 

17:18:17.779 31 Y - 订单确认收货时更新SQL：begin try  
  begin tran TranUpdate 
 UPDATE aspnet_Distributors SET ReferralBlance = ISNULL(ReferralBlance, 0) + 76.24 WHERE UserId = 4761 ; 
 UPDATE aspnet_Distributors SET ReferralBlance = ISNULL(ReferralBlance, 0) + 19.06 WHERE UserId = 464 ; 
 UPDATE aspnet_Distributors SET ReferralBlance = ISNULL(ReferralBlance, 0) + 9.53 WHERE UserId = 222 ; 
 UPDATE aspnet_Distributors SET ReferralBlance = ISNULL(ReferralBlance, 0) + 19.06 WHERE UserId = 222 ; 
 UPDATE aspnet_Distributors SET ReferralBlance = ISNULL(ReferralBlance, 0) + 9.53 WHERE UserId = 218 ; 
 UPDATE Hishop_Commissions SET CommOrderStatus = 1 WHERE OrderId = '201512266091007' ;
  COMMIT TRAN TranUpdate 
  end try 
                    begin catch 
                        ROLLBACK TRAN TranUpdate
                    end catch 

17:18:17.984 31 Y - 订单确认收货时更新SQL：
17:18:18.108 31 Y - 订单确认收货时更新SQL：begin try  
  begin tran TranUpdate 
 UPDATE aspnet_Distributors SET ReferralBlance = ISNULL(ReferralBlance, 0) + 64.80 WHERE UserId = 16261 ; 
 UPDATE aspnet_Distributors SET ReferralBlance = ISNULL(ReferralBlance, 0) + 16.20 WHERE UserId = 4192 ; 
 UPDATE aspnet_Distributors SET ReferralBlance = ISNULL(ReferralBlance, 0) + 8.10 WHERE UserId = 2063 ; 
 UPDATE aspnet_Distributors SET ReferralBlance = ISNULL(ReferralBlance, 0) + 16.20 WHERE UserId = 327 ; 
 UPDATE aspnet_Distributors SET ReferralBlance = ISNULL(ReferralBlance, 0) + 8.10 WHERE UserId = 314 ; 
 UPDATE Hishop_Commissions SET CommOrderStatus = 1 WHERE OrderId = '201512267717998' ;
  COMMIT TRAN TranUpdate 
  end try 
                    begin catch 
                        ROLLBACK TRAN TranUpdate
                    end catch 

17:18:19.651 31 Y - 订单确认收货时更新SQL：begin try  
  begin tran TranUpdate 
 UPDATE aspnet_Distributors SET ReferralBlance = ISNULL(ReferralBlance, 0) + 54.88 WHERE UserId = 8986 ; 
 UPDATE aspnet_Distributors SET ReferralBlance = ISNULL(ReferralBlance, 0) + 13.72 WHERE UserId = 247 ; 
 UPDATE aspnet_Distributors SET ReferralBlance = ISNULL(ReferralBlance, 0) + 6.86 WHERE UserId = 254 ; 
 UPDATE aspnet_Distributors SET ReferralBlance = ISNULL(ReferralBlance, 0) + 13.72 WHERE UserId = 254 ; 
 UPDATE aspnet_Distributors SET ReferralBlance = ISNULL(ReferralBlance, 0) + 6.86 WHERE UserId = 218 ; 
 UPDATE Hishop_Commissions SET CommOrderStatus = 1 WHERE OrderId = '201512269198413' ;
  COMMIT TRAN TranUpdate 
  end try 
                    begin catch 
                        ROLLBACK TRAN TranUpdate
                    end catch 

17:18:19.854 31 Y - 订单确认收货时更新SQL：begin try  
  begin tran TranUpdate 
 UPDATE aspnet_Distributors SET ReferralBlance = ISNULL(ReferralBlance, 0) + 20.08 WHERE UserId = 234 ; 
 UPDATE aspnet_Distributors SET ReferralBlance = ISNULL(ReferralBlance, 0) + 5.02 WHERE UserId = 239 ; 
 UPDATE aspnet_Distributors SET ReferralBlance = ISNULL(ReferralBlance, 0) + 2.51 WHERE UserId = 279 ; 
 UPDATE aspnet_Distributors SET ReferralBlance = ISNULL(ReferralBlance, 0) + 5.02 WHERE UserId = 239 ; 
 UPDATE aspnet_Distributors SET ReferralBlance = ISNULL(ReferralBlance, 0) + 2.51 WHERE UserId = 279 ; 
 UPDATE Hishop_Commissions SET CommOrderStatus = 1 WHERE OrderId = '201512267874025' ;
  COMMIT TRAN TranUpdate 
  end try 
                    begin catch 
                        ROLLBACK TRAN TranUpdate
                    end catch 

17:18:20.019 31 Y - 订单确认收货时更新SQL：begin try  
  begin tran TranUpdate 
 UPDATE aspnet_Distributors SET ReferralBlance = ISNULL(ReferralBlance, 0) + 12.96 WHERE UserId = 6643 ; 
 UPDATE aspnet_Distributors SET ReferralBlance = ISNULL(ReferralBlance, 0) + 3.24 WHERE UserId = 5291 ; 
 UPDATE aspnet_Distributors SET ReferralBlance = ISNULL(ReferralBlance, 0) + 1.62 WHERE UserId = 5539 ; 
 UPDATE aspnet_Distributors SET ReferralBlance = ISNULL(ReferralBlance, 0) + 3.24 WHERE UserId = 5539 ; 
 UPDATE aspnet_Distributors SET ReferralBlance = ISNULL(ReferralBlance, 0) + 1.62 WHERE UserId = 217 ; 
 UPDATE Hishop_Commissions SET CommOrderStatus = 1 WHERE OrderId = '201512269108374' ;
  COMMIT TRAN TranUpdate 
  end try 
                    begin catch 
                        ROLLBACK TRAN TranUpdate
                    end catch 

17:18:21.011 31 Y - 订单确认收货时更新SQL：begin try  
  begin tran TranUpdate 
 UPDATE aspnet_Distributors SET ReferralBlance = ISNULL(ReferralBlance, 0) + 20.60 WHERE UserId = 3452 ; 
 UPDATE aspnet_Distributors SET ReferralBlance = ISNULL(ReferralBlance, 0) + 5.15 WHERE UserId = 757 ; 
 UPDATE aspnet_Distributors SET ReferralBlance = ISNULL(ReferralBlance, 0) + 2.58 WHERE UserId = 575 ; 
 UPDATE aspnet_Distributors SET ReferralBlance = ISNULL(ReferralBlance, 0) + 5.15 WHERE UserId = 757 ; 
 UPDATE aspnet_Distributors SET ReferralBlance = ISNULL(ReferralBlance, 0) + 2.58 WHERE UserId = 218 ; 
 UPDATE Hishop_Commissions SET CommOrderStatus = 1 WHERE OrderId = '201512263455925' ;
  COMMIT TRAN TranUpdate 
  end try 
                    begin catch 
                        ROLLBACK TRAN TranUpdate
                    end catch 

17:18:21.229 31 Y - 订单确认收货时更新SQL：
17:18:21.365 31 Y - 订单确认收货时更新SQL：begin try  
  begin tran TranUpdate 
 UPDATE aspnet_Distributors SET ReferralBlance = ISNULL(ReferralBlance, 0) + 15.82 WHERE UserId = 8984 ; 
 UPDATE aspnet_Distributors SET ReferralBlance = ISNULL(ReferralBlance, 0) + 3.96 WHERE UserId = 6230 ; 
 UPDATE aspnet_Distributors SET ReferralBlance = ISNULL(ReferralBlance, 0) + 1.98 WHERE UserId = 4134 ; 
 UPDATE aspnet_Distributors SET ReferralBlance = ISNULL(ReferralBlance, 0) + 3.96 WHERE UserId = 1181 ; 
 UPDATE aspnet_Distributors SET ReferralBlance = ISNULL(ReferralBlance, 0) + 1.98 WHERE UserId = 217 ; 
 UPDATE Hishop_Commissions SET CommOrderStatus = 1 WHERE OrderId = '201512260227371' ;
  COMMIT TRAN TranUpdate 
  end try 
                    begin catch 
                        ROLLBACK TRAN TranUpdate
                    end catch 

17:18:21.547 31 Y - 订单确认收货时更新SQL：begin try  
  begin tran TranUpdate 
 UPDATE aspnet_Distributors SET ReferralBlance = ISNULL(ReferralBlance, 0) + 42.12 WHERE UserId = 18409 ; 
 UPDATE aspnet_Distributors SET ReferralBlance = ISNULL(ReferralBlance, 0) + 10.53 WHERE UserId = 2063 ; 
 UPDATE aspnet_Distributors SET ReferralBlance = ISNULL(ReferralBlance, 0) + 5.27 WHERE UserId = 766 ; 
 UPDATE aspnet_Distributors SET ReferralBlance = ISNULL(ReferralBlance, 0) + 10.53 WHERE UserId = 327 ; 
 UPDATE aspnet_Distributors SET ReferralBlance = ISNULL(ReferralBlance, 0) + 5.27 WHERE UserId = 314 ; 
 UPDATE Hishop_Commissions SET CommOrderStatus = 1 WHERE OrderId = '201512261762921' ;
  COMMIT TRAN TranUpdate 
  end try 
                    begin catch 
                        ROLLBACK TRAN TranUpdate
                    end catch 

17:18:21.751 31 Y - 订单确认收货时更新SQL：begin try  
  begin tran TranUpdate 
 UPDATE aspnet_Distributors SET ReferralBlance = ISNULL(ReferralBlance, 0) + 42.12 WHERE UserId = 18750 ; 
 UPDATE aspnet_Distributors SET ReferralBlance = ISNULL(ReferralBlance, 0) + 10.53 WHERE UserId = 3923 ; 
 UPDATE aspnet_Distributors SET ReferralBlance = ISNULL(ReferralBlance, 0) + 5.27 WHERE UserId = 15893 ; 
 UPDATE aspnet_Distributors SET ReferralBlance = ISNULL(ReferralBlance, 0) + 10.53 WHERE UserId = 441 ; 
 UPDATE aspnet_Distributors SET ReferralBlance = ISNULL(ReferralBlance, 0) + 5.27 WHERE UserId = 262 ; 
 UPDATE Hishop_Commissions SET CommOrderStatus = 1 WHERE OrderId = '201512262695027' ;
  COMMIT TRAN TranUpdate 
  end try 
                    begin catch 
                        ROLLBACK TRAN TranUpdate
                    end catch 

17:18:21.972 31 Y - 订单确认收货时更新SQL：begin try  
  begin tran TranUpdate 
 UPDATE aspnet_Distributors SET ReferralBlance = ISNULL(ReferralBlance, 0) + 48.48 WHERE UserId = 14278 ; 
 UPDATE aspnet_Distributors SET ReferralBlance = ISNULL(ReferralBlance, 0) + 12.12 WHERE UserId = 719 ; 
 UPDATE aspnet_Distributors SET ReferralBlance = ISNULL(ReferralBlance, 0) + 6.06 WHERE UserId = 540 ; 
 UPDATE aspnet_Distributors SET ReferralBlance = ISNULL(ReferralBlance, 0) + 12.12 WHERE UserId = 540 ; 
 UPDATE aspnet_Distributors SET ReferralBlance = ISNULL(ReferralBlance, 0) + 6.06 WHERE UserId = 359 ; 
 UPDATE Hishop_Commissions SET CommOrderStatus = 1 WHERE OrderId = '201512261538462' ;
  COMMIT TRAN TranUpdate 
  end try 
                    begin catch 
                        ROLLBACK TRAN TranUpdate
                    end catch 

17:18:22.200 31 Y - 订单确认收货时更新SQL：begin try  
  begin tran TranUpdate 
 UPDATE aspnet_Distributors SET ReferralBlance = ISNULL(ReferralBlance, 0) + 58.32 WHERE UserId = 1959 ; 
 UPDATE aspnet_Distributors SET ReferralBlance = ISNULL(ReferralBlance, 0) + 14.58 WHERE UserId = 258 ; 
 UPDATE aspnet_Distributors SET ReferralBlance = ISNULL(ReferralBlance, 0) + 7.29 WHERE UserId = 218 ; 
 UPDATE aspnet_Distributors SET ReferralBlance = ISNULL(ReferralBlance, 0) + 14.58 WHERE UserId = 258 ; 
 UPDATE aspnet_Distributors SET ReferralBlance = ISNULL(ReferralBlance, 0) + 7.29 WHERE UserId = 218 ; 
 UPDATE Hishop_Commissions SET CommOrderStatus = 1 WHERE OrderId = '201512263696994' ;
  COMMIT TRAN TranUpdate 
  end try 
                    begin catch 
                        ROLLBACK TRAN TranUpdate
                    end catch 

17:18:22.416 31 Y - 订单确认收货时更新SQL：begin try  
  begin tran TranUpdate 
 UPDATE aspnet_Distributors SET ReferralBlance = ISNULL(ReferralBlance, 0) + 22.32 WHERE UserId = 3452 ; 
 UPDATE aspnet_Distributors SET ReferralBlance = ISNULL(ReferralBlance, 0) + 5.58 WHERE UserId = 757 ; 
 UPDATE aspnet_Distributors SET ReferralBlance = ISNULL(ReferralBlance, 0) + 2.79 WHERE UserId = 575 ; 
 UPDATE aspnet_Distributors SET ReferralBlance = ISNULL(ReferralBlance, 0) + 5.58 WHERE UserId = 757 ; 
 UPDATE aspnet_Distributors SET ReferralBlance = ISNULL(ReferralBlance, 0) + 2.79 WHERE UserId = 218 ; 
 UPDATE Hishop_Commissions SET CommOrderStatus = 1 WHERE OrderId = '201512262581441' ;
  COMMIT TRAN TranUpdate 
  end try 
                    begin catch 
                        ROLLBACK TRAN TranUpdate
                    end catch 

17:18:22.893 31 Y - 订单确认收货时更新SQL：begin try  
  begin tran TranUpdate 
 UPDATE aspnet_Distributors SET ReferralBlance = ISNULL(ReferralBlance, 0) + 121.60 WHERE UserId = 17582 ; 
 UPDATE aspnet_Distributors SET ReferralBlance = ISNULL(ReferralBlance, 0) + 30.40 WHERE UserId = 8622 ; 
 UPDATE aspnet_Distributors SET ReferralBlance = ISNULL(ReferralBlance, 0) + 15.20 WHERE UserId = 701 ; 
 UPDATE aspnet_Distributors SET ReferralBlance = ISNULL(ReferralBlance, 0) + 30.40 WHERE UserId = 327 ; 
 UPDATE aspnet_Distributors SET ReferralBlance = ISNULL(ReferralBlance, 0) + 15.20 WHERE UserId = 314 ; 
 UPDATE Hishop_Commissions SET CommOrderStatus = 1 WHERE OrderId = '201512265064123' ;
  COMMIT TRAN TranUpdate 
  end try 
                    begin catch 
                        ROLLBACK TRAN TranUpdate
                    end catch 

17:18:23.085 31 Y - 订单确认收货时更新SQL：begin try  
  begin tran TranUpdate 
 UPDATE aspnet_Distributors SET ReferralBlance = ISNULL(ReferralBlance, 0) + 25.06 WHERE UserId = 18310 ; 
 UPDATE aspnet_Distributors SET ReferralBlance = ISNULL(ReferralBlance, 0) + 6.27 WHERE UserId = 16607 ; 
 UPDATE aspnet_Distributors SET ReferralBlance = ISNULL(ReferralBlance, 0) + 3.13 WHERE UserId = 3586 ; 
 UPDATE aspnet_Distributors SET ReferralBlance = ISNULL(ReferralBlance, 0) + 6.27 WHERE UserId = 757 ; 
 UPDATE aspnet_Distributors SET ReferralBlance = ISNULL(ReferralBlance, 0) + 3.13 WHERE UserId = 218 ; 
 UPDATE Hishop_Commissions SET CommOrderStatus = 1 WHERE OrderId = '201512266411959' ;
  COMMIT TRAN TranUpdate 
  end try 
                    begin catch 
                        ROLLBACK TRAN TranUpdate
                    end catch 

17:18:23.284 31 Y - 订单确认收货时更新SQL：begin try  
  begin tran TranUpdate 
 UPDATE aspnet_Distributors SET ReferralBlance = ISNULL(ReferralBlance, 0) + 40.88 WHERE UserId = 4345 ; 
 UPDATE aspnet_Distributors SET ReferralBlance = ISNULL(ReferralBlance, 0) + 10.22 WHERE UserId = 4241 ; 
 UPDATE aspnet_Distributors SET ReferralBlance = ISNULL(ReferralBlance, 0) + 5.11 WHERE UserId = 2063 ; 
 UPDATE aspnet_Distributors SET ReferralBlance = ISNULL(ReferralBlance, 0) + 10.22 WHERE UserId = 327 ; 
 UPDATE aspnet_Distributors SET ReferralBlance = ISNULL(ReferralBlance, 0) + 5.11 WHERE UserId = 314 ; 
 UPDATE Hishop_Commissions SET CommOrderStatus = 1 WHERE OrderId = '201512261510183' ;
  COMMIT TRAN TranUpdate 
  end try 
                    begin catch 
                        ROLLBACK TRAN TranUpdate
                    end catch 

17:18:23.465 31 Y - 订单确认收货时更新SQL：
17:18:23.567 31 Y - 订单确认收货时更新SQL：
17:18:23.694 31 Y - 订单确认收货时更新SQL：begin try  
  begin tran TranUpdate 
 UPDATE aspnet_Distributors SET ReferralBlance = ISNULL(ReferralBlance, 0) + 64.80 WHERE UserId = 4098 ; 
 UPDATE aspnet_Distributors SET ReferralBlance = ISNULL(ReferralBlance, 0) + 16.20 WHERE UserId = 464 ; 
 UPDATE aspnet_Distributors SET ReferralBlance = ISNULL(ReferralBlance, 0) + 8.10 WHERE UserId = 222 ; 
 UPDATE aspnet_Distributors SET ReferralBlance = ISNULL(ReferralBlance, 0) + 16.20 WHERE UserId = 222 ; 
 UPDATE aspnet_Distributors SET ReferralBlance = ISNULL(ReferralBlance, 0) + 8.10 WHERE UserId = 218 ; 
 UPDATE Hishop_Commissions SET CommOrderStatus = 1 WHERE OrderId = '201512274457997' ;
  COMMIT TRAN TranUpdate 
  end try 
                    begin catch 
                        ROLLBACK TRAN TranUpdate
                    end catch 

17:18:24.715 31 Y - 订单确认收货时更新SQL：begin try  
  begin tran TranUpdate 
 UPDATE aspnet_Distributors SET ReferralBlance = ISNULL(ReferralBlance, 0) + 9.00 WHERE UserId = 15357 ; 
 UPDATE aspnet_Distributors SET ReferralBlance = ISNULL(ReferralBlance, 0) + 2.25 WHERE UserId = 4143 ; 
 UPDATE aspnet_Distributors SET ReferralBlance = ISNULL(ReferralBlance, 0) + 1.13 WHERE UserId = 218 ; 
 UPDATE aspnet_Distributors SET ReferralBlance = ISNULL(ReferralBlance, 0) + 1.13 WHERE UserId = 218 ; 
 UPDATE Hishop_Commissions SET CommOrderStatus = 1 WHERE OrderId = '201512278749186' ;
  COMMIT TRAN TranUpdate 
  end try 
                    begin catch 
                        ROLLBACK TRAN TranUpdate
                    end catch 

17:18:24.948 31 Y - 订单确认收货时更新SQL：begin try  
  begin tran TranUpdate 
 UPDATE aspnet_Distributors SET ReferralBlance = ISNULL(ReferralBlance, 0) + 14.72 WHERE UserId = 14837 ; 
 UPDATE aspnet_Distributors SET ReferralBlance = ISNULL(ReferralBlance, 0) + 3.68 WHERE UserId = 1408 ; 
 UPDATE aspnet_Distributors SET ReferralBlance = ISNULL(ReferralBlance, 0) + 1.84 WHERE UserId = 335 ; 
 UPDATE aspnet_Distributors SET ReferralBlance = ISNULL(ReferralBlance, 0) + 3.68 WHERE UserId = 335 ; 
 UPDATE aspnet_Distributors SET ReferralBlance = ISNULL(ReferralBlance, 0) + 1.84 WHERE UserId = 245 ; 
 UPDATE Hishop_Commissions SET CommOrderStatus = 1 WHERE OrderId = '201512276107387' ;
  COMMIT TRAN TranUpdate 
  end try 
                    begin catch 
                        ROLLBACK TRAN TranUpdate
                    end catch 

17:18:25.120 31 Y - 订单确认收货时更新SQL：begin try  
  begin tran TranUpdate 
 UPDATE aspnet_Distributors SET ReferralBlance = ISNULL(ReferralBlance, 0) + 42.12 WHERE UserId = 17779 ; 
 UPDATE aspnet_Distributors SET ReferralBlance = ISNULL(ReferralBlance, 0) + 10.53 WHERE UserId = 15466 ; 
 UPDATE aspnet_Distributors SET ReferralBlance = ISNULL(ReferralBlance, 0) + 5.27 WHERE UserId = 7914 ; 
 UPDATE aspnet_Distributors SET ReferralBlance = ISNULL(ReferralBlance, 0) + 10.53 WHERE UserId = 327 ; 
 UPDATE aspnet_Distributors SET ReferralBlance = ISNULL(ReferralBlance, 0) + 5.27 WHERE UserId = 314 ; 
 UPDATE Hishop_Commissions SET CommOrderStatus = 1 WHERE OrderId = '201512275752494' ;
  COMMIT TRAN TranUpdate 
  end try 
                    begin catch 
                        ROLLBACK TRAN TranUpdate
                    end catch 

17:18:25.306 31 Y - 订单确认收货时更新SQL：begin try  
  begin tran TranUpdate 
 UPDATE aspnet_Distributors SET ReferralBlance = ISNULL(ReferralBlance, 0) + 34.20 WHERE UserId = 2340 ; 
 UPDATE aspnet_Distributors SET ReferralBlance = ISNULL(ReferralBlance, 0) + 8.55 WHERE UserId = 570 ; 
 UPDATE aspnet_Distributors SET ReferralBlance = ISNULL(ReferralBlance, 0) + 4.28 WHERE UserId = 267 ; 
 UPDATE aspnet_Distributors SET ReferralBlance = ISNULL(ReferralBlance, 0) + 8.55 WHERE UserId = 266 ; 
 UPDATE aspnet_Distributors SET ReferralBlance = ISNULL(ReferralBlance, 0) + 4.28 WHERE UserId = 262 ; 
 UPDATE Hishop_Commissions SET CommOrderStatus = 1 WHERE OrderId = '201512271547893' ;
  COMMIT TRAN TranUpdate 
  end try 
                    begin catch 
                        ROLLBACK TRAN TranUpdate
                    end catch 

17:18:25.510 31 Y - 订单确认收货时更新SQL：
17:18:25.658 31 Y - 订单确认收货时更新SQL：begin try  
  begin tran TranUpdate 
 UPDATE aspnet_Distributors SET ReferralBlance = ISNULL(ReferralBlance, 0) + 42.12 WHERE UserId = 4345 ; 
 UPDATE aspnet_Distributors SET ReferralBlance = ISNULL(ReferralBlance, 0) + 10.53 WHERE UserId = 4241 ; 
 UPDATE aspnet_Distributors SET ReferralBlance = ISNULL(ReferralBlance, 0) + 5.27 WHERE UserId = 2063 ; 
 UPDATE aspnet_Distributors SET ReferralBlance = ISNULL(ReferralBlance, 0) + 10.53 WHERE UserId = 327 ; 
 UPDATE aspnet_Distributors SET ReferralBlance = ISNULL(ReferralBlance, 0) + 5.27 WHERE UserId = 314 ; 
 UPDATE Hishop_Commissions SET CommOrderStatus = 1 WHERE OrderId = '201512271502577' ;
  COMMIT TRAN TranUpdate 
  end try 
                    begin catch 
                        ROLLBACK TRAN TranUpdate
                    end catch 

17:18:25.902 31 Y - 订单确认收货时更新SQL：
17:18:26.029 31 Y - 订单确认收货时更新SQL：begin try  
  begin tran TranUpdate 
 UPDATE aspnet_Distributors SET ReferralBlance = ISNULL(ReferralBlance, 0) + 75.74 WHERE UserId = 4161 ; 
 UPDATE aspnet_Distributors SET ReferralBlance = ISNULL(ReferralBlance, 0) + 18.94 WHERE UserId = 262 ; 
 UPDATE aspnet_Distributors SET ReferralBlance = ISNULL(ReferralBlance, 0) + 9.47 WHERE UserId = 212 ; 
 UPDATE aspnet_Distributors SET ReferralBlance = ISNULL(ReferralBlance, 0) + 9.47 WHERE UserId = 262 ; 
 UPDATE Hishop_Commissions SET CommOrderStatus = 1 WHERE OrderId = '201512274022967' ;
  COMMIT TRAN TranUpdate 
  end try 
                    begin catch 
                        ROLLBACK TRAN TranUpdate
                    end catch 

17:18:26.337 31 Y - 订单确认收货时更新SQL：begin try  
  begin tran TranUpdate 
 UPDATE aspnet_Distributors SET ReferralBlance = ISNULL(ReferralBlance, 0) + 36.40 WHERE UserId = 701 ; 
 UPDATE aspnet_Distributors SET ReferralBlance = ISNULL(ReferralBlance, 0) + 9.10 WHERE UserId = 327 ; 
 UPDATE aspnet_Distributors SET ReferralBlance = ISNULL(ReferralBlance, 0) + 4.55 WHERE UserId = 314 ; 
 UPDATE aspnet_Distributors SET ReferralBlance = ISNULL(ReferralBlance, 0) + 9.10 WHERE UserId = 327 ; 
 UPDATE aspnet_Distributors SET ReferralBlance = ISNULL(ReferralBlance, 0) + 4.55 WHERE UserId = 314 ; 
 UPDATE Hishop_Commissions SET CommOrderStatus = 1 WHERE OrderId = '201512277201717' ;
  COMMIT TRAN TranUpdate 
  end try 
                    begin catch 
                        ROLLBACK TRAN TranUpdate
                    end catch 

17:18:26.515 31 Y - 订单确认收货时更新SQL：begin try  
  begin tran TranUpdate 
 UPDATE aspnet_Distributors SET ReferralBlance = ISNULL(ReferralBlance, 0) + 42.12 WHERE UserId = 18928 ; 
 UPDATE aspnet_Distributors SET ReferralBlance = ISNULL(ReferralBlance, 0) + 10.53 WHERE UserId = 3635 ; 
 UPDATE aspnet_Distributors SET ReferralBlance = ISNULL(ReferralBlance, 0) + 5.27 WHERE UserId = 2381 ; 
 UPDATE aspnet_Distributors SET ReferralBlance = ISNULL(ReferralBlance, 0) + 10.53 WHERE UserId = 2381 ; 
 UPDATE aspnet_Distributors SET ReferralBlance = ISNULL(ReferralBlance, 0) + 5.27 WHERE UserId = 245 ; 
 UPDATE Hishop_Commissions SET CommOrderStatus = 1 WHERE OrderId = '201512274063902' ;
  COMMIT TRAN TranUpdate 
  end try 
                    begin catch 
                        ROLLBACK TRAN TranUpdate
                    end catch 

17:18:26.712 31 Y - 订单确认收货时更新SQL：begin try  
  begin tran TranUpdate 
 UPDATE aspnet_Distributors SET ReferralBlance = ISNULL(ReferralBlance, 0) + 22.32 WHERE UserId = 258 ; 
 UPDATE aspnet_Distributors SET ReferralBlance = ISNULL(ReferralBlance, 0) + 5.58 WHERE UserId = 218 ; 
 UPDATE aspnet_Distributors SET ReferralBlance = ISNULL(ReferralBlance, 0) + 2.79 WHERE UserId = 215 ; 
 UPDATE aspnet_Distributors SET ReferralBlance = ISNULL(ReferralBlance, 0) + 5.58 WHERE UserId = 258 ; 
 UPDATE aspnet_Distributors SET ReferralBlance = ISNULL(ReferralBlance, 0) + 2.79 WHERE UserId = 218 ; 
 UPDATE Hishop_Commissions SET CommOrderStatus = 1 WHERE OrderId = '201512274334332' ;
  COMMIT TRAN TranUpdate 
  end try 
                    begin catch 
                        ROLLBACK TRAN TranUpdate
                    end catch 

17:18:27.429 31 Y - 订单确认收货时更新SQL：
17:18:27.527 31 Y - 订单确认收货时更新SQL：begin try  
  begin tran TranUpdate 
 UPDATE aspnet_Distributors SET ReferralBlance = ISNULL(ReferralBlance, 0) + 42.12 WHERE UserId = 18928 ; 
 UPDATE aspnet_Distributors SET ReferralBlance = ISNULL(ReferralBlance, 0) + 10.53 WHERE UserId = 3635 ; 
 UPDATE aspnet_Distributors SET ReferralBlance = ISNULL(ReferralBlance, 0) + 5.27 WHERE UserId = 2381 ; 
 UPDATE aspnet_Distributors SET ReferralBlance = ISNULL(ReferralBlance, 0) + 10.53 WHERE UserId = 2381 ; 
 UPDATE aspnet_Distributors SET ReferralBlance = ISNULL(ReferralBlance, 0) + 5.27 WHERE UserId = 245 ; 
 UPDATE Hishop_Commissions SET CommOrderStatus = 1 WHERE OrderId = '201512278004765' ;
  COMMIT TRAN TranUpdate 
  end try 
                    begin catch 
                        ROLLBACK TRAN TranUpdate
                    end catch 

17:18:28.322 31 Y - 订单确认收货时更新SQL：
17:18:28.451 31 Y - 订单确认收货时更新SQL：begin try  
  begin tran TranUpdate 
 UPDATE aspnet_Distributors SET ReferralBlance = ISNULL(ReferralBlance, 0) + 25.06 WHERE UserId = 7310 ; 
 UPDATE aspnet_Distributors SET ReferralBlance = ISNULL(ReferralBlance, 0) + 6.27 WHERE UserId = 7305 ; 
 UPDATE aspnet_Distributors SET ReferralBlance = ISNULL(ReferralBlance, 0) + 3.13 WHERE UserId = 263 ; 
 UPDATE aspnet_Distributors SET ReferralBlance = ISNULL(ReferralBlance, 0) + 6.27 WHERE UserId = 263 ; 
 UPDATE aspnet_Distributors SET ReferralBlance = ISNULL(ReferralBlance, 0) + 3.13 WHERE UserId = 262 ; 
 UPDATE Hishop_Commissions SET CommOrderStatus = 1 WHERE OrderId = '201512279793316' ;
  COMMIT TRAN TranUpdate 
  end try 
                    begin catch 
                        ROLLBACK TRAN TranUpdate
                    end catch 

17:18:28.657 31 Y - 订单确认收货时更新SQL：
17:18:29.285 31 Y - 订单确认收货时更新SQL：begin try  
  begin tran TranUpdate 
 UPDATE aspnet_Distributors SET ReferralBlance = ISNULL(ReferralBlance, 0) + 25.06 WHERE UserId = 4345 ; 
 UPDATE aspnet_Distributors SET ReferralBlance = ISNULL(ReferralBlance, 0) + 6.27 WHERE UserId = 4241 ; 
 UPDATE aspnet_Distributors SET ReferralBlance = ISNULL(ReferralBlance, 0) + 3.13 WHERE UserId = 2063 ; 
 UPDATE aspnet_Distributors SET ReferralBlance = ISNULL(ReferralBlance, 0) + 6.27 WHERE UserId = 327 ; 
 UPDATE aspnet_Distributors SET ReferralBlance = ISNULL(ReferralBlance, 0) + 3.13 WHERE UserId = 314 ; 
 UPDATE Hishop_Commissions SET CommOrderStatus = 1 WHERE OrderId = '201512279142407' ;
  COMMIT TRAN TranUpdate 
  end try 
                    begin catch 
                        ROLLBACK TRAN TranUpdate
                    end catch 

17:18:29.479 31 Y - 订单确认收货时更新SQL：begin try  
  begin tran TranUpdate 
 UPDATE aspnet_Distributors SET ReferralBlance = ISNULL(ReferralBlance, 0) + 76.24 WHERE UserId = 8765 ; 
 UPDATE aspnet_Distributors SET ReferralBlance = ISNULL(ReferralBlance, 0) + 19.06 WHERE UserId = 211 ; 
 UPDATE aspnet_Distributors SET ReferralBlance = ISNULL(ReferralBlance, 0) + 9.53 WHERE UserId = 215 ; 
 UPDATE aspnet_Distributors SET ReferralBlance = ISNULL(ReferralBlance, 0) + 19.06 WHERE UserId = 211 ; 
 UPDATE aspnet_Distributors SET ReferralBlance = ISNULL(ReferralBlance, 0) + 9.53 WHERE UserId = 215 ; 
 UPDATE Hishop_Commissions SET CommOrderStatus = 1 WHERE OrderId = '201512270992768' ;
  COMMIT TRAN TranUpdate 
  end try 
                    begin catch 
                        ROLLBACK TRAN TranUpdate
                    end catch 

17:18:30.540 31 Y - 订单确认收货时更新SQL：
17:18:30.666 31 Y - 订单确认收货时更新SQL：begin try  
  begin tran TranUpdate 
 UPDATE aspnet_Distributors SET ReferralBlance = ISNULL(ReferralBlance, 0) + 25.06 WHERE UserId = 10308 ; 
 UPDATE aspnet_Distributors SET ReferralBlance = ISNULL(ReferralBlance, 0) + 6.27 WHERE UserId = 9286 ; 
 UPDATE aspnet_Distributors SET ReferralBlance = ISNULL(ReferralBlance, 0) + 3.13 WHERE UserId = 3586 ; 
 UPDATE aspnet_Distributors SET ReferralBlance = ISNULL(ReferralBlance, 0) + 6.27 WHERE UserId = 757 ; 
 UPDATE aspnet_Distributors SET ReferralBlance = ISNULL(ReferralBlance, 0) + 3.13 WHERE UserId = 218 ; 
 UPDATE Hishop_Commissions SET CommOrderStatus = 1 WHERE OrderId = '201512276773091' ;
  COMMIT TRAN TranUpdate 
  end try 
                    begin catch 
                        ROLLBACK TRAN TranUpdate
                    end catch 

17:18:30.860 31 Y - 订单确认收货时更新SQL：
17:18:30.956 31 Y - 订单确认收货时更新SQL：begin try  
  begin tran TranUpdate 
 UPDATE aspnet_Distributors SET ReferralBlance = ISNULL(ReferralBlance, 0) + 64.80 WHERE UserId = 4192 ; 
 UPDATE aspnet_Distributors SET ReferralBlance = ISNULL(ReferralBlance, 0) + 16.20 WHERE UserId = 2063 ; 
 UPDATE aspnet_Distributors SET ReferralBlance = ISNULL(ReferralBlance, 0) + 8.10 WHERE UserId = 766 ; 
 UPDATE aspnet_Distributors SET ReferralBlance = ISNULL(ReferralBlance, 0) + 16.20 WHERE UserId = 327 ; 
 UPDATE aspnet_Distributors SET ReferralBlance = ISNULL(ReferralBlance, 0) + 8.10 WHERE UserId = 314 ; 
 UPDATE Hishop_Commissions SET CommOrderStatus = 1 WHERE OrderId = '201512279106715' ;
  COMMIT TRAN TranUpdate 
  end try 
                    begin catch 
                        ROLLBACK TRAN TranUpdate
                    end catch 

17:18:31.140 31 Y - 订单确认收货时更新SQL：
17:18:31.243 31 Y - 订单确认收货时更新SQL：begin try  
  begin tran TranUpdate 
 UPDATE aspnet_Distributors SET ReferralBlance = ISNULL(ReferralBlance, 0) + 38.80 WHERE UserId = 7310 ; 
 UPDATE aspnet_Distributors SET ReferralBlance = ISNULL(ReferralBlance, 0) + 9.70 WHERE UserId = 7305 ; 
 UPDATE aspnet_Distributors SET ReferralBlance = ISNULL(ReferralBlance, 0) + 4.85 WHERE UserId = 263 ; 
 UPDATE aspnet_Distributors SET ReferralBlance = ISNULL(ReferralBlance, 0) + 9.70 WHERE UserId = 263 ; 
 UPDATE aspnet_Distributors SET ReferralBlance = ISNULL(ReferralBlance, 0) + 4.85 WHERE UserId = 262 ; 
 UPDATE Hishop_Commissions SET CommOrderStatus = 1 WHERE OrderId = '201512278141067' ;
  COMMIT TRAN TranUpdate 
  end try 
                    begin catch 
                        ROLLBACK TRAN TranUpdate
                    end catch 

17:18:31.462 31 Y - 订单确认收货时更新SQL：begin try  
  begin tran TranUpdate 
 UPDATE aspnet_Distributors SET ReferralBlance = ISNULL(ReferralBlance, 0) + 53.34 WHERE UserId = 18932 ; 
 UPDATE aspnet_Distributors SET ReferralBlance = ISNULL(ReferralBlance, 0) + 13.34 WHERE UserId = 16326 ; 
 UPDATE aspnet_Distributors SET ReferralBlance = ISNULL(ReferralBlance, 0) + 6.67 WHERE UserId = 1041 ; 
 UPDATE aspnet_Distributors SET ReferralBlance = ISNULL(ReferralBlance, 0) + 13.34 WHERE UserId = 1041 ; 
 UPDATE aspnet_Distributors SET ReferralBlance = ISNULL(ReferralBlance, 0) + 6.67 WHERE UserId = 279 ; 
 UPDATE Hishop_Commissions SET CommOrderStatus = 1 WHERE OrderId = '201512274725432' ;
  COMMIT TRAN TranUpdate 
  end try 
                    begin catch 
                        ROLLBACK TRAN TranUpdate
                    end catch 

17:18:32.464 31 Y - 订单确认收货时更新SQL：
17:18:32.572 31 Y - 订单确认收货时更新SQL：begin try  
  begin tran TranUpdate 
 UPDATE aspnet_Distributors SET ReferralBlance = ISNULL(ReferralBlance, 0) + 33.78 WHERE UserId = 8868 ; 
 UPDATE aspnet_Distributors SET ReferralBlance = ISNULL(ReferralBlance, 0) + 8.45 WHERE UserId = 223 ; 
 UPDATE aspnet_Distributors SET ReferralBlance = ISNULL(ReferralBlance, 0) + 4.22 WHERE UserId = 252 ; 
 UPDATE aspnet_Distributors SET ReferralBlance = ISNULL(ReferralBlance, 0) + 8.45 WHERE UserId = 252 ; 
 UPDATE aspnet_Distributors SET ReferralBlance = ISNULL(ReferralBlance, 0) + 4.22 WHERE UserId = 218 ; 
 UPDATE Hishop_Commissions SET CommOrderStatus = 1 WHERE OrderId = '201512274257840' ;
  COMMIT TRAN TranUpdate 
  end try 
                    begin catch 
                        ROLLBACK TRAN TranUpdate
                    end catch 

17:18:32.791 31 Y - 订单确认收货时更新SQL：
17:18:32.938 31 Y - 订单确认收货时更新SQL：
17:18:33.069 31 Y - 订单确认收货时更新SQL：
17:18:33.182 31 Y - 订单确认收货时更新SQL：
17:18:33.290 31 Y - 订单确认收货时更新SQL：begin try  
  begin tran TranUpdate 
 UPDATE aspnet_Distributors SET ReferralBlance = ISNULL(ReferralBlance, 0) + 36.40 WHERE UserId = 5098 ; 
 UPDATE aspnet_Distributors SET ReferralBlance = ISNULL(ReferralBlance, 0) + 9.10 WHERE UserId = 2894 ; 
 UPDATE aspnet_Distributors SET ReferralBlance = ISNULL(ReferralBlance, 0) + 4.55 WHERE UserId = 757 ; 
 UPDATE aspnet_Distributors SET ReferralBlance = ISNULL(ReferralBlance, 0) + 9.10 WHERE UserId = 757 ; 
 UPDATE aspnet_Distributors SET ReferralBlance = ISNULL(ReferralBlance, 0) + 4.55 WHERE UserId = 218 ; 
 UPDATE Hishop_Commissions SET CommOrderStatus = 1 WHERE OrderId = '201512279064982' ;
  COMMIT TRAN TranUpdate 
  end try 
                    begin catch 
                        ROLLBACK TRAN TranUpdate
                    end catch 

17:18:33.485 31 Y - 订单确认收货时更新SQL：begin try  
  begin tran TranUpdate 
 UPDATE aspnet_Distributors SET ReferralBlance = ISNULL(ReferralBlance, 0) + 42.12 WHERE UserId = 4292 ; 
 UPDATE aspnet_Distributors SET ReferralBlance = ISNULL(ReferralBlance, 0) + 10.53 WHERE UserId = 267 ; 
 UPDATE aspnet_Distributors SET ReferralBlance = ISNULL(ReferralBlance, 0) + 5.27 WHERE UserId = 266 ; 
 UPDATE aspnet_Distributors SET ReferralBlance = ISNULL(ReferralBlance, 0) + 10.53 WHERE UserId = 266 ; 
 UPDATE aspnet_Distributors SET ReferralBlance = ISNULL(ReferralBlance, 0) + 5.27 WHERE UserId = 262 ; 
 UPDATE Hishop_Commissions SET CommOrderStatus = 1 WHERE OrderId = '201512278925592' ;
  COMMIT TRAN TranUpdate 
  end try 
                    begin catch 
                        ROLLBACK TRAN TranUpdate
                    end catch 

17:18:33.688 31 Y - 订单确认收货时更新SQL：begin try  
  begin tran TranUpdate 
 UPDATE aspnet_Distributors SET ReferralBlance = ISNULL(ReferralBlance, 0) + 178.72 WHERE UserId = 873 ; 
 UPDATE aspnet_Distributors SET ReferralBlance = ISNULL(ReferralBlance, 0) + 44.68 WHERE UserId = 270 ; 
 UPDATE aspnet_Distributors SET ReferralBlance = ISNULL(ReferralBlance, 0) + 22.34 WHERE UserId = 300 ; 
 UPDATE aspnet_Distributors SET ReferralBlance = ISNULL(ReferralBlance, 0) + 44.68 WHERE UserId = 300 ; 
 UPDATE aspnet_Distributors SET ReferralBlance = ISNULL(ReferralBlance, 0) + 22.34 WHERE UserId = 218 ; 
 UPDATE Hishop_Commissions SET CommOrderStatus = 1 WHERE OrderId = '201512271287250' ;
  COMMIT TRAN TranUpdate 
  end try 
                    begin catch 
                        ROLLBACK TRAN TranUpdate
                    end catch 

17:18:34.474 31 Y - 订单确认收货时更新SQL：begin try  
  begin tran TranUpdate 
 UPDATE aspnet_Distributors SET ReferralBlance = ISNULL(ReferralBlance, 0) + 76.24 WHERE UserId = 10045 ; 
 UPDATE aspnet_Distributors SET ReferralBlance = ISNULL(ReferralBlance, 0) + 19.06 WHERE UserId = 10053 ; 
 UPDATE aspnet_Distributors SET ReferralBlance = ISNULL(ReferralBlance, 0) + 9.53 WHERE UserId = 267 ; 
 UPDATE aspnet_Distributors SET ReferralBlance = ISNULL(ReferralBlance, 0) + 19.06 WHERE UserId = 266 ; 
 UPDATE aspnet_Distributors SET ReferralBlance = ISNULL(ReferralBlance, 0) + 9.53 WHERE UserId = 262 ; 
 UPDATE Hishop_Commissions SET CommOrderStatus = 1 WHERE OrderId = '201512275351828' ;
  COMMIT TRAN TranUpdate 
  end try 
                    begin catch 
                        ROLLBACK TRAN TranUpdate
                    end catch 

17:18:34.687 31 Y - 订单确认收货时更新SQL：
17:18:34.777 31 Y - 订单确认收货时更新SQL：begin try  
  begin tran TranUpdate 
 UPDATE aspnet_Distributors SET ReferralBlance = ISNULL(ReferralBlance, 0) + 32.00 WHERE UserId = 18485 ; 
 UPDATE aspnet_Distributors SET ReferralBlance = ISNULL(ReferralBlance, 0) + 8.00 WHERE UserId = 10168 ; 
 UPDATE aspnet_Distributors SET ReferralBlance = ISNULL(ReferralBlance, 0) + 4.00 WHERE UserId = 4396 ; 
 UPDATE aspnet_Distributors SET ReferralBlance = ISNULL(ReferralBlance, 0) + 8.00 WHERE UserId = 327 ; 
 UPDATE aspnet_Distributors SET ReferralBlance = ISNULL(ReferralBlance, 0) + 4.00 WHERE UserId = 314 ; 
 UPDATE Hishop_Commissions SET CommOrderStatus = 1 WHERE OrderId = '201512270358960' ;
  COMMIT TRAN TranUpdate 
  end try 
                    begin catch 
                        ROLLBACK TRAN TranUpdate
                    end catch 

17:18:35.252 31 Y - 订单确认收货时更新SQL：begin try  
  begin tran TranUpdate 
 UPDATE aspnet_Distributors SET ReferralBlance = ISNULL(ReferralBlance, 0) + 36.40 WHERE UserId = 12628 ; 
 UPDATE aspnet_Distributors SET ReferralBlance = ISNULL(ReferralBlance, 0) + 9.10 WHERE UserId = 662 ; 
 UPDATE aspnet_Distributors SET ReferralBlance = ISNULL(ReferralBlance, 0) + 4.55 WHERE UserId = 5539 ; 
 UPDATE aspnet_Distributors SET ReferralBlance = ISNULL(ReferralBlance, 0) + 9.10 WHERE UserId = 5539 ; 
 UPDATE aspnet_Distributors SET ReferralBlance = ISNULL(ReferralBlance, 0) + 4.55 WHERE UserId = 217 ; 
 UPDATE Hishop_Commissions SET CommOrderStatus = 1 WHERE OrderId = '201512279666036' ;
  COMMIT TRAN TranUpdate 
  end try 
                    begin catch 
                        ROLLBACK TRAN TranUpdate
                    end catch 

17:18:35.499 31 Y - 订单确认收货时更新SQL：
17:18:35.643 31 Y - 订单确认收货时更新SQL：
17:18:35.750 31 Y - 订单确认收货时更新SQL：begin try  
  begin tran TranUpdate 
 UPDATE aspnet_Distributors SET ReferralBlance = ISNULL(ReferralBlance, 0) + 15.82 WHERE UserId = 4203 ; 
 UPDATE aspnet_Distributors SET ReferralBlance = ISNULL(ReferralBlance, 0) + 3.96 WHERE UserId = 757 ; 
 UPDATE aspnet_Distributors SET ReferralBlance = ISNULL(ReferralBlance, 0) + 1.98 WHERE UserId = 575 ; 
 UPDATE aspnet_Distributors SET ReferralBlance = ISNULL(ReferralBlance, 0) + 3.96 WHERE UserId = 757 ; 
 UPDATE aspnet_Distributors SET ReferralBlance = ISNULL(ReferralBlance, 0) + 1.98 WHERE UserId = 218 ; 
 UPDATE Hishop_Commissions SET CommOrderStatus = 1 WHERE OrderId = '201512274564180' ;
  COMMIT TRAN TranUpdate 
  end try 
                    begin catch 
                        ROLLBACK TRAN TranUpdate
                    end catch 

17:18:35.922 31 Y - 订单确认收货时更新SQL：begin try  
  begin tran TranUpdate 
 UPDATE aspnet_Distributors SET ReferralBlance = ISNULL(ReferralBlance, 0) + 39.60 WHERE UserId = 5474 ; 
 UPDATE aspnet_Distributors SET ReferralBlance = ISNULL(ReferralBlance, 0) + 9.90 WHERE UserId = 5539 ; 
 UPDATE aspnet_Distributors SET ReferralBlance = ISNULL(ReferralBlance, 0) + 4.95 WHERE UserId = 217 ; 
 UPDATE aspnet_Distributors SET ReferralBlance = ISNULL(ReferralBlance, 0) + 9.90 WHERE UserId = 5539 ; 
 UPDATE aspnet_Distributors SET ReferralBlance = ISNULL(ReferralBlance, 0) + 4.95 WHERE UserId = 217 ; 
 UPDATE Hishop_Commissions SET CommOrderStatus = 1 WHERE OrderId = '201512278073998' ;
  COMMIT TRAN TranUpdate 
  end try 
                    begin catch 
                        ROLLBACK TRAN TranUpdate
                    end catch 

17:18:36.094 31 Y - 订单确认收货时更新SQL：begin try  
  begin tran TranUpdate 
 UPDATE aspnet_Distributors SET ReferralBlance = ISNULL(ReferralBlance, 0) + 76.24 WHERE UserId = 959 ; 
 UPDATE aspnet_Distributors SET ReferralBlance = ISNULL(ReferralBlance, 0) + 19.06 WHERE UserId = 245 ; 
 UPDATE aspnet_Distributors SET ReferralBlance = ISNULL(ReferralBlance, 0) + 9.53 WHERE UserId = 218 ; 
 UPDATE aspnet_Distributors SET ReferralBlance = ISNULL(ReferralBlance, 0) + 9.53 WHERE UserId = 245 ; 
 UPDATE Hishop_Commissions SET CommOrderStatus = 1 WHERE OrderId = '201512279893061' ;
  COMMIT TRAN TranUpdate 
  end try 
                    begin catch 
                        ROLLBACK TRAN TranUpdate
                    end catch 

17:18:36.271 31 Y - 订单确认收货时更新SQL：begin try  
  begin tran TranUpdate 
 UPDATE aspnet_Distributors SET ReferralBlance = ISNULL(ReferralBlance, 0) + 58.68 WHERE UserId = 18845 ; 
 UPDATE aspnet_Distributors SET ReferralBlance = ISNULL(ReferralBlance, 0) + 14.67 WHERE UserId = 16725 ; 
 UPDATE aspnet_Distributors SET ReferralBlance = ISNULL(ReferralBlance, 0) + 7.34 WHERE UserId = 438 ; 
 UPDATE aspnet_Distributors SET ReferralBlance = ISNULL(ReferralBlance, 0) + 14.67 WHERE UserId = 438 ; 
 UPDATE aspnet_Distributors SET ReferralBlance = ISNULL(ReferralBlance, 0) + 7.34 WHERE UserId = 314 ; 
 UPDATE Hishop_Commissions SET CommOrderStatus = 1 WHERE OrderId = '201512273217251' ;
  COMMIT TRAN TranUpdate 
  end try 
                    begin catch 
                        ROLLBACK TRAN TranUpdate
                    end catch 

17:18:36.525 31 Y - 订单确认收货时更新SQL：begin try  
  begin tran TranUpdate 
 UPDATE aspnet_Distributors SET ReferralBlance = ISNULL(ReferralBlance, 0) + 21.10 WHERE UserId = 18466 ; 
 UPDATE aspnet_Distributors SET ReferralBlance = ISNULL(ReferralBlance, 0) + 5.28 WHERE UserId = 7660 ; 
 UPDATE aspnet_Distributors SET ReferralBlance = ISNULL(ReferralBlance, 0) + 2.64 WHERE UserId = 16725 ; 
 UPDATE aspnet_Distributors SET ReferralBlance = ISNULL(ReferralBlance, 0) + 5.28 WHERE UserId = 7660 ; 
 UPDATE aspnet_Distributors SET ReferralBlance = ISNULL(ReferralBlance, 0) + 2.64 WHERE UserId = 314 ; 
 UPDATE Hishop_Commissions SET CommOrderStatus = 1 WHERE OrderId = '201512273751931' ;
  COMMIT TRAN TranUpdate 
  end try 
                    begin catch 
                        ROLLBACK TRAN TranUpdate
                    end catch 

17:18:36.715 31 Y - 订单确认收货时更新SQL：begin try  
  begin tran TranUpdate 
 UPDATE aspnet_Distributors SET ReferralBlance = ISNULL(ReferralBlance, 0) + 15.30 WHERE UserId = 3311 ; 
 UPDATE aspnet_Distributors SET ReferralBlance = ISNULL(ReferralBlance, 0) + 3.83 WHERE UserId = 757 ; 
 UPDATE aspnet_Distributors SET ReferralBlance = ISNULL(ReferralBlance, 0) + 1.91 WHERE UserId = 575 ; 
 UPDATE aspnet_Distributors SET ReferralBlance = ISNULL(ReferralBlance, 0) + 3.83 WHERE UserId = 757 ; 
 UPDATE aspnet_Distributors SET ReferralBlance = ISNULL(ReferralBlance, 0) + 1.91 WHERE UserId = 218 ; 
 UPDATE Hishop_Commissions SET CommOrderStatus = 1 WHERE OrderId = '201512276725856' ;
  COMMIT TRAN TranUpdate 
  end try 
                    begin catch 
                        ROLLBACK TRAN TranUpdate
                    end catch 

17:18:36.920 31 Y - 订单确认收货时更新SQL：begin try  
  begin tran TranUpdate 
 UPDATE aspnet_Distributors SET ReferralBlance = ISNULL(ReferralBlance, 0) + 55.52 WHERE UserId = 912 ; 
 UPDATE aspnet_Distributors SET ReferralBlance = ISNULL(ReferralBlance, 0) + 13.88 WHERE UserId = 285 ; 
 UPDATE aspnet_Distributors SET ReferralBlance = ISNULL(ReferralBlance, 0) + 6.94 WHERE UserId = 245 ; 
 UPDATE aspnet_Distributors SET ReferralBlance = ISNULL(ReferralBlance, 0) + 13.88 WHERE UserId = 285 ; 
 UPDATE aspnet_Distributors SET ReferralBlance = ISNULL(ReferralBlance, 0) + 6.94 WHERE UserId = 245 ; 
 UPDATE Hishop_Commissions SET CommOrderStatus = 1 WHERE OrderId = '201512275892827' ;
  COMMIT TRAN TranUpdate 
  end try 
                    begin catch 
                        ROLLBACK TRAN TranUpdate
                    end catch 

17:18:37.117 31 Y - 订单确认收货时更新SQL：
17:18:37.205 31 Y - 订单确认收货时更新SQL：begin try  
  begin tran TranUpdate 
 UPDATE aspnet_Distributors SET ReferralBlance = ISNULL(ReferralBlance, 0) + 176.48 WHERE UserId = 18999 ; 
 UPDATE aspnet_Distributors SET ReferralBlance = ISNULL(ReferralBlance, 0) + 44.12 WHERE UserId = 420 ; 
 UPDATE aspnet_Distributors SET ReferralBlance = ISNULL(ReferralBlance, 0) + 22.06 WHERE UserId = 441 ; 
 UPDATE aspnet_Distributors SET ReferralBlance = ISNULL(ReferralBlance, 0) + 44.12 WHERE UserId = 441 ; 
 UPDATE aspnet_Distributors SET ReferralBlance = ISNULL(ReferralBlance, 0) + 22.06 WHERE UserId = 262 ; 
 UPDATE Hishop_Commissions SET CommOrderStatus = 1 WHERE OrderId = '201512276664609' ;
  COMMIT TRAN TranUpdate 
  end try 
                    begin catch 
                        ROLLBACK TRAN TranUpdate
                    end catch 

17:18:37.902 31 Y - 订单确认收货时更新SQL：
17:18:38.017 31 Y - 订单确认收货时更新SQL：begin try  
  begin tran TranUpdate 
 UPDATE aspnet_Distributors SET ReferralBlance = ISNULL(ReferralBlance, 0) + 25.06 WHERE UserId = 3832 ; 
 UPDATE aspnet_Distributors SET ReferralBlance = ISNULL(ReferralBlance, 0) + 6.27 WHERE UserId = 766 ; 
 UPDATE aspnet_Distributors SET ReferralBlance = ISNULL(ReferralBlance, 0) + 3.13 WHERE UserId = 327 ; 
 UPDATE aspnet_Distributors SET ReferralBlance = ISNULL(ReferralBlance, 0) + 6.27 WHERE UserId = 327 ; 
 UPDATE aspnet_Distributors SET ReferralBlance = ISNULL(ReferralBlance, 0) + 3.13 WHERE UserId = 314 ; 
 UPDATE Hishop_Commissions SET CommOrderStatus = 1 WHERE OrderId = '201512273900009' ;
  COMMIT TRAN TranUpdate 
  end try 
                    begin catch 
                        ROLLBACK TRAN TranUpdate
                    end catch 

17:18:38.468 31 Y - 订单确认收货时更新SQL：begin try  
  begin tran TranUpdate 
 UPDATE aspnet_Distributors SET ReferralBlance = ISNULL(ReferralBlance, 0) + 25.06 WHERE UserId = 10045 ; 
 UPDATE aspnet_Distributors SET ReferralBlance = ISNULL(ReferralBlance, 0) + 6.27 WHERE UserId = 10053 ; 
 UPDATE aspnet_Distributors SET ReferralBlance = ISNULL(ReferralBlance, 0) + 3.13 WHERE UserId = 267 ; 
 UPDATE aspnet_Distributors SET ReferralBlance = ISNULL(ReferralBlance, 0) + 6.27 WHERE UserId = 266 ; 
 UPDATE aspnet_Distributors SET ReferralBlance = ISNULL(ReferralBlance, 0) + 3.13 WHERE UserId = 262 ; 
 UPDATE Hishop_Commissions SET CommOrderStatus = 1 WHERE OrderId = '201512272536230' ;
  COMMIT TRAN TranUpdate 
  end try 
                    begin catch 
                        ROLLBACK TRAN TranUpdate
                    end catch 

17:18:38.669 31 Y - 订单确认收货时更新SQL：begin try  
  begin tran TranUpdate 
 UPDATE aspnet_Distributors SET ReferralBlance = ISNULL(ReferralBlance, 0) + 74.80 WHERE UserId = 504 ; 
 UPDATE aspnet_Distributors SET ReferralBlance = ISNULL(ReferralBlance, 0) + 18.70 WHERE UserId = 492 ; 
 UPDATE aspnet_Distributors SET ReferralBlance = ISNULL(ReferralBlance, 0) + 9.35 WHERE UserId = 488 ; 
 UPDATE aspnet_Distributors SET ReferralBlance = ISNULL(ReferralBlance, 0) + 18.70 WHERE UserId = 370 ; 
 UPDATE aspnet_Distributors SET ReferralBlance = ISNULL(ReferralBlance, 0) + 9.35 WHERE UserId = 262 ; 
 UPDATE Hishop_Commissions SET CommOrderStatus = 1 WHERE OrderId = '201512288174875' ;
  COMMIT TRAN TranUpdate 
  end try 
                    begin catch 
                        ROLLBACK TRAN TranUpdate
                    end catch 

17:18:38.920 31 Y - 订单确认收货时更新SQL：begin try  
  begin tran TranUpdate 
 UPDATE aspnet_Distributors SET ReferralBlance = ISNULL(ReferralBlance, 0) + 36.40 WHERE UserId = 694 ; 
 UPDATE aspnet_Distributors SET ReferralBlance = ISNULL(ReferralBlance, 0) + 9.10 WHERE UserId = 267 ; 
 UPDATE aspnet_Distributors SET ReferralBlance = ISNULL(ReferralBlance, 0) + 4.55 WHERE UserId = 266 ; 
 UPDATE aspnet_Distributors SET ReferralBlance = ISNULL(ReferralBlance, 0) + 9.10 WHERE UserId = 266 ; 
 UPDATE aspnet_Distributors SET ReferralBlance = ISNULL(ReferralBlance, 0) + 4.55 WHERE UserId = 262 ; 
 UPDATE Hishop_Commissions SET CommOrderStatus = 1 WHERE OrderId = '201512282086466' ;
  COMMIT TRAN TranUpdate 
  end try 
                    begin catch 
                        ROLLBACK TRAN TranUpdate
                    end catch 

17:18:39.112 31 Y - 订单确认收货时更新SQL：begin try  
  begin tran TranUpdate 
 UPDATE aspnet_Distributors SET ReferralBlance = ISNULL(ReferralBlance, 0) + 11.80 WHERE UserId = 694 ; 
 UPDATE aspnet_Distributors SET ReferralBlance = ISNULL(ReferralBlance, 0) + 2.95 WHERE UserId = 267 ; 
 UPDATE aspnet_Distributors SET ReferralBlance = ISNULL(ReferralBlance, 0) + 1.48 WHERE UserId = 266 ; 
 UPDATE aspnet_Distributors SET ReferralBlance = ISNULL(ReferralBlance, 0) + 2.95 WHERE UserId = 266 ; 
 UPDATE aspnet_Distributors SET ReferralBlance = ISNULL(ReferralBlance, 0) + 1.48 WHERE UserId = 262 ; 
 UPDATE Hishop_Commissions SET CommOrderStatus = 1 WHERE OrderId = '201512281345319' ;
  COMMIT TRAN TranUpdate 
  end try 
                    begin catch 
                        ROLLBACK TRAN TranUpdate
                    end catch 

17:18:39.296 31 Y - 订单确认收货时更新SQL：begin try  
  begin tran TranUpdate 
 UPDATE aspnet_Distributors SET ReferralBlance = ISNULL(ReferralBlance, 0) + 35.06 WHERE UserId = 408 ; 
 UPDATE aspnet_Distributors SET ReferralBlance = ISNULL(ReferralBlance, 0) + 8.77 WHERE UserId = 245 ; 
 UPDATE aspnet_Distributors SET ReferralBlance = ISNULL(ReferralBlance, 0) + 4.38 WHERE UserId = 218 ; 
 UPDATE aspnet_Distributors SET ReferralBlance = ISNULL(ReferralBlance, 0) + 8.77 WHERE UserId = 408 ; 
 UPDATE aspnet_Distributors SET ReferralBlance = ISNULL(ReferralBlance, 0) + 4.38 WHERE UserId = 245 ; 
 UPDATE Hishop_Commissions SET CommOrderStatus = 1 WHERE OrderId = '201512286287117' ;
  COMMIT TRAN TranUpdate 
  end try 
                    begin catch 
                        ROLLBACK TRAN TranUpdate
                    end catch 

17:18:39.507 31 Y - 订单确认收货时更新SQL：
17:18:39.921 31 Y - 订单确认收货时更新SQL：begin try  
  begin tran TranUpdate 
 UPDATE aspnet_Distributors SET ReferralBlance = ISNULL(ReferralBlance, 0) + 42.12 WHERE UserId = 9713 ; 
 UPDATE aspnet_Distributors SET ReferralBlance = ISNULL(ReferralBlance, 0) + 10.53 WHERE UserId = 3284 ; 
 UPDATE aspnet_Distributors SET ReferralBlance = ISNULL(ReferralBlance, 0) + 5.27 WHERE UserId = 757 ; 
 UPDATE aspnet_Distributors SET ReferralBlance = ISNULL(ReferralBlance, 0) + 10.53 WHERE UserId = 757 ; 
 UPDATE aspnet_Distributors SET ReferralBlance = ISNULL(ReferralBlance, 0) + 5.27 WHERE UserId = 218 ; 
 UPDATE Hishop_Commissions SET CommOrderStatus = 1 WHERE OrderId = '201512281890298' ;
  COMMIT TRAN TranUpdate 
  end try 
                    begin catch 
                        ROLLBACK TRAN TranUpdate
                    end catch 

17:18:40.131 31 Y - 订单确认收货时更新SQL：begin try  
  begin tran TranUpdate 
 UPDATE aspnet_Distributors SET ReferralBlance = ISNULL(ReferralBlance, 0) + 22.00 WHERE UserId = 1988 ; 
 UPDATE aspnet_Distributors SET ReferralBlance = ISNULL(ReferralBlance, 0) + 5.50 WHERE UserId = 834 ; 
 UPDATE aspnet_Distributors SET ReferralBlance = ISNULL(ReferralBlance, 0) + 2.75 WHERE UserId = 333 ; 
 UPDATE aspnet_Distributors SET ReferralBlance = ISNULL(ReferralBlance, 0) + 5.50 WHERE UserId = 333 ; 
 UPDATE aspnet_Distributors SET ReferralBlance = ISNULL(ReferralBlance, 0) + 2.75 WHERE UserId = 314 ; 
 UPDATE Hishop_Commissions SET CommOrderStatus = 1 WHERE OrderId = '201512285138207' ;
  COMMIT TRAN TranUpdate 
  end try 
                    begin catch 
                        ROLLBACK TRAN TranUpdate
                    end catch 

17:18:40.307 31 Y - 订单确认收货时更新SQL：begin try  
  begin tran TranUpdate 
 UPDATE aspnet_Distributors SET ReferralBlance = ISNULL(ReferralBlance, 0) + 22.00 WHERE UserId = 1988 ; 
 UPDATE aspnet_Distributors SET ReferralBlance = ISNULL(ReferralBlance, 0) + 5.50 WHERE UserId = 834 ; 
 UPDATE aspnet_Distributors SET ReferralBlance = ISNULL(ReferralBlance, 0) + 2.75 WHERE UserId = 333 ; 
 UPDATE aspnet_Distributors SET ReferralBlance = ISNULL(ReferralBlance, 0) + 5.50 WHERE UserId = 333 ; 
 UPDATE aspnet_Distributors SET ReferralBlance = ISNULL(ReferralBlance, 0) + 2.75 WHERE UserId = 314 ; 
 UPDATE Hishop_Commissions SET CommOrderStatus = 1 WHERE OrderId = '201512287161860' ;
  COMMIT TRAN TranUpdate 
  end try 
                    begin catch 
                        ROLLBACK TRAN TranUpdate
                    end catch 

17:18:40.515 31 Y - 订单确认收货时更新SQL：begin try  
  begin tran TranUpdate 
 UPDATE aspnet_Distributors SET ReferralBlance = ISNULL(ReferralBlance, 0) + 10.34 WHERE UserId = 828 ; 
 UPDATE aspnet_Distributors SET ReferralBlance = ISNULL(ReferralBlance, 0) + 2.59 WHERE UserId = 312 ; 
 UPDATE aspnet_Distributors SET ReferralBlance = ISNULL(ReferralBlance, 0) + 1.29 WHERE UserId = 262 ; 
 UPDATE aspnet_Distributors SET ReferralBlance = ISNULL(ReferralBlance, 0) + 2.59 WHERE UserId = 312 ; 
 UPDATE aspnet_Distributors SET ReferralBlance = ISNULL(ReferralBlance, 0) + 1.29 WHERE UserId = 262 ; 
 UPDATE Hishop_Commissions SET CommOrderStatus = 1 WHERE OrderId = '201512289053160' ;
  COMMIT TRAN TranUpdate 
  end try 
                    begin catch 
                        ROLLBACK TRAN TranUpdate
                    end catch 

17:18:40.700 31 Y - 订单确认收货时更新SQL：begin try  
  begin tran TranUpdate 
 UPDATE aspnet_Distributors SET ReferralBlance = ISNULL(ReferralBlance, 0) + 36.40 WHERE UserId = 1847 ; 
 UPDATE aspnet_Distributors SET ReferralBlance = ISNULL(ReferralBlance, 0) + 9.10 WHERE UserId = 1442 ; 
 UPDATE aspnet_Distributors SET ReferralBlance = ISNULL(ReferralBlance, 0) + 4.55 WHERE UserId = 215 ; 
 UPDATE aspnet_Distributors SET ReferralBlance = ISNULL(ReferralBlance, 0) + 9.10 WHERE UserId = 1442 ; 
 UPDATE aspnet_Distributors SET ReferralBlance = ISNULL(ReferralBlance, 0) + 4.55 WHERE UserId = 215 ; 
 UPDATE Hishop_Commissions SET CommOrderStatus = 1 WHERE OrderId = '201512284611029' ;
  COMMIT TRAN TranUpdate 
  end try 
                    begin catch 
                        ROLLBACK TRAN TranUpdate
                    end catch 

17:18:40.862 31 Y - 订单确认收货时更新SQL：
17:18:40.954 31 Y - 订单确认收货时更新SQL：begin try  
  begin tran TranUpdate 
 UPDATE aspnet_Distributors SET ReferralBlance = ISNULL(ReferralBlance, 0) + 59.76 WHERE UserId = 774 ; 
 UPDATE aspnet_Distributors SET ReferralBlance = ISNULL(ReferralBlance, 0) + 14.94 WHERE UserId = 308 ; 
 UPDATE aspnet_Distributors SET ReferralBlance = ISNULL(ReferralBlance, 0) + 7.47 WHERE UserId = 245 ; 
 UPDATE aspnet_Distributors SET ReferralBlance = ISNULL(ReferralBlance, 0) + 14.94 WHERE UserId = 308 ; 
 UPDATE aspnet_Distributors SET ReferralBlance = ISNULL(ReferralBlance, 0) + 7.47 WHERE UserId = 245 ; 
 UPDATE Hishop_Commissions SET CommOrderStatus = 1 WHERE OrderId = '201512285232609' ;
  COMMIT TRAN TranUpdate 
  end try 
                    begin catch 
                        ROLLBACK TRAN TranUpdate
                    end catch 

17:18:41.178 31 Y - 订单确认收货时更新SQL：begin try  
  begin tran TranUpdate 
 UPDATE aspnet_Distributors SET ReferralBlance = ISNULL(ReferralBlance, 0) + 66.16 WHERE UserId = 1347 ; 
 UPDATE aspnet_Distributors SET ReferralBlance = ISNULL(ReferralBlance, 0) + 16.54 WHERE UserId = 258 ; 
 UPDATE aspnet_Distributors SET ReferralBlance = ISNULL(ReferralBlance, 0) + 8.27 WHERE UserId = 218 ; 
 UPDATE aspnet_Distributors SET ReferralBlance = ISNULL(ReferralBlance, 0) + 16.54 WHERE UserId = 258 ; 
 UPDATE aspnet_Distributors SET ReferralBlance = ISNULL(ReferralBlance, 0) + 8.27 WHERE UserId = 218 ; 
 UPDATE Hishop_Commissions SET CommOrderStatus = 1 WHERE OrderId = '201512287068852' ;
  COMMIT TRAN TranUpdate 
  end try 
                    begin catch 
                        ROLLBACK TRAN TranUpdate
                    end catch 

17:18:41.344 31 Y - 订单确认收货时更新SQL：begin try  
  begin tran TranUpdate 
 UPDATE aspnet_Distributors SET ReferralBlance = ISNULL(ReferralBlance, 0) + 64.80 WHERE UserId = 1376 ; 
 UPDATE aspnet_Distributors SET ReferralBlance = ISNULL(ReferralBlance, 0) + 16.20 WHERE UserId = 254 ; 
 UPDATE aspnet_Distributors SET ReferralBlance = ISNULL(ReferralBlance, 0) + 8.10 WHERE UserId = 218 ; 
 UPDATE aspnet_Distributors SET ReferralBlance = ISNULL(ReferralBlance, 0) + 16.20 WHERE UserId = 254 ; 
 UPDATE aspnet_Distributors SET ReferralBlance = ISNULL(ReferralBlance, 0) + 8.10 WHERE UserId = 218 ; 
 UPDATE Hishop_Commissions SET CommOrderStatus = 1 WHERE OrderId = '201512287635608' ;
  COMMIT TRAN TranUpdate 
  end try 
                    begin catch 
                        ROLLBACK TRAN TranUpdate
                    end catch 

17:18:41.854 31 Y - 订单确认收货时更新SQL：begin try  
  begin tran TranUpdate 
 UPDATE aspnet_Distributors SET ReferralBlance = ISNULL(ReferralBlance, 0) + 45.92 WHERE UserId = 8622 ; 
 UPDATE aspnet_Distributors SET ReferralBlance = ISNULL(ReferralBlance, 0) + 11.48 WHERE UserId = 701 ; 
 UPDATE aspnet_Distributors SET ReferralBlance = ISNULL(ReferralBlance, 0) + 5.74 WHERE UserId = 327 ; 
 UPDATE aspnet_Distributors SET ReferralBlance = ISNULL(ReferralBlance, 0) + 11.48 WHERE UserId = 327 ; 
 UPDATE aspnet_Distributors SET ReferralBlance = ISNULL(ReferralBlance, 0) + 5.74 WHERE UserId = 314 ; 
 UPDATE Hishop_Commissions SET CommOrderStatus = 1 WHERE OrderId = '201512288840743' ;
  COMMIT TRAN TranUpdate 
  end try 
                    begin catch 
                        ROLLBACK TRAN TranUpdate
                    end catch 

17:18:42.821 31 Y - 订单确认收货时更新SQL：begin try  
  begin tran TranUpdate 
 UPDATE aspnet_Distributors SET ReferralBlance = ISNULL(ReferralBlance, 0) + 30.30 WHERE UserId = 3899 ; 
 UPDATE aspnet_Distributors SET ReferralBlance = ISNULL(ReferralBlance, 0) + 7.58 WHERE UserId = 952 ; 
 UPDATE aspnet_Distributors SET ReferralBlance = ISNULL(ReferralBlance, 0) + 3.79 WHERE UserId = 307 ; 
 UPDATE aspnet_Distributors SET ReferralBlance = ISNULL(ReferralBlance, 0) + 7.58 WHERE UserId = 307 ; 
 UPDATE aspnet_Distributors SET ReferralBlance = ISNULL(ReferralBlance, 0) + 3.79 WHERE UserId = 245 ; 
 UPDATE Hishop_Commissions SET CommOrderStatus = 1 WHERE OrderId = '201512288358412' ;
  COMMIT TRAN TranUpdate 
  end try 
                    begin catch 
                        ROLLBACK TRAN TranUpdate
                    end catch 

17:18:43.857 31 Y - 订单确认收货时更新SQL：begin try  
  begin tran TranUpdate 
 UPDATE aspnet_Distributors SET ReferralBlance = ISNULL(ReferralBlance, 0) + 42.12 WHERE UserId = 4926 ; 
 UPDATE aspnet_Distributors SET ReferralBlance = ISNULL(ReferralBlance, 0) + 10.53 WHERE UserId = 4098 ; 
 UPDATE aspnet_Distributors SET ReferralBlance = ISNULL(ReferralBlance, 0) + 5.27 WHERE UserId = 464 ; 
 UPDATE aspnet_Distributors SET ReferralBlance = ISNULL(ReferralBlance, 0) + 10.53 WHERE UserId = 222 ; 
 UPDATE aspnet_Distributors SET ReferralBlance = ISNULL(ReferralBlance, 0) + 5.27 WHERE UserId = 218 ; 
 UPDATE Hishop_Commissions SET CommOrderStatus = 1 WHERE OrderId = '201512280136306' ;
  COMMIT TRAN TranUpdate 
  end try 
                    begin catch 
                        ROLLBACK TRAN TranUpdate
                    end catch 

17:18:44.358 31 Y - 订单确认收货时更新SQL：begin try  
  begin tran TranUpdate 
 UPDATE aspnet_Distributors SET ReferralBlance = ISNULL(ReferralBlance, 0) + 121.60 WHERE UserId = 511 ; 
 UPDATE aspnet_Distributors SET ReferralBlance = ISNULL(ReferralBlance, 0) + 30.40 WHERE UserId = 3356 ; 
 UPDATE aspnet_Distributors SET ReferralBlance = ISNULL(ReferralBlance, 0) + 15.20 WHERE UserId = 381 ; 
 UPDATE aspnet_Distributors SET ReferralBlance = ISNULL(ReferralBlance, 0) + 30.40 WHERE UserId = 381 ; 
 UPDATE aspnet_Distributors SET ReferralBlance = ISNULL(ReferralBlance, 0) + 15.20 WHERE UserId = 359 ; 
 UPDATE Hishop_Commissions SET CommOrderStatus = 1 WHERE OrderId = '201512281171315' ;
  COMMIT TRAN TranUpdate 
  end try 
                    begin catch 
                        ROLLBACK TRAN TranUpdate
                    end catch 

17:18:44.550 31 Y - 订单确认收货时更新SQL：
17:18:44.668 31 Y - 订单确认收货时更新SQL：
17:18:45.294 31 Y - 订单确认收货时更新SQL：begin try  
  begin tran TranUpdate 
 UPDATE aspnet_Distributors SET ReferralBlance = ISNULL(ReferralBlance, 0) + 21.10 WHERE UserId = 8987 ; 
 UPDATE aspnet_Distributors SET ReferralBlance = ISNULL(ReferralBlance, 0) + 5.28 WHERE UserId = 7757 ; 
 UPDATE aspnet_Distributors SET ReferralBlance = ISNULL(ReferralBlance, 0) + 2.64 WHERE UserId = 3963 ; 
 UPDATE aspnet_Distributors SET ReferralBlance = ISNULL(ReferralBlance, 0) + 5.28 WHERE UserId = 327 ; 
 UPDATE aspnet_Distributors SET ReferralBlance = ISNULL(ReferralBlance, 0) + 2.64 WHERE UserId = 314 ; 
 UPDATE Hishop_Commissions SET CommOrderStatus = 1 WHERE OrderId = '201512281116048' ;
  COMMIT TRAN TranUpdate 
  end try 
                    begin catch 
                        ROLLBACK TRAN TranUpdate
                    end catch 

17:18:45.495 31 Y - 订单确认收货时更新SQL：begin try  
  begin tran TranUpdate 
 UPDATE aspnet_Distributors SET ReferralBlance = ISNULL(ReferralBlance, 0) + 64.80 WHERE UserId = 1948 ; 
 UPDATE aspnet_Distributors SET ReferralBlance = ISNULL(ReferralBlance, 0) + 16.20 WHERE UserId = 307 ; 
 UPDATE aspnet_Distributors SET ReferralBlance = ISNULL(ReferralBlance, 0) + 8.10 WHERE UserId = 245 ; 
 UPDATE aspnet_Distributors SET ReferralBlance = ISNULL(ReferralBlance, 0) + 16.20 WHERE UserId = 307 ; 
 UPDATE aspnet_Distributors SET ReferralBlance = ISNULL(ReferralBlance, 0) + 8.10 WHERE UserId = 245 ; 
 UPDATE Hishop_Commissions SET CommOrderStatus = 1 WHERE OrderId = '201512287132722' ;
  COMMIT TRAN TranUpdate 
  end try 
                    begin catch 
                        ROLLBACK TRAN TranUpdate
                    end catch 

17:18:45.673 31 Y - 订单确认收货时更新SQL：begin try  
  begin tran TranUpdate 
 UPDATE aspnet_Distributors SET ReferralBlance = ISNULL(ReferralBlance, 0) + 64.80 WHERE UserId = 15299 ; 
 UPDATE aspnet_Distributors SET ReferralBlance = ISNULL(ReferralBlance, 0) + 16.20 WHERE UserId = 7914 ; 
 UPDATE aspnet_Distributors SET ReferralBlance = ISNULL(ReferralBlance, 0) + 8.10 WHERE UserId = 701 ; 
 UPDATE aspnet_Distributors SET ReferralBlance = ISNULL(ReferralBlance, 0) + 16.20 WHERE UserId = 327 ; 
 UPDATE aspnet_Distributors SET ReferralBlance = ISNULL(ReferralBlance, 0) + 8.10 WHERE UserId = 314 ; 
 UPDATE Hishop_Commissions SET CommOrderStatus = 1 WHERE OrderId = '201512281825848' ;
  COMMIT TRAN TranUpdate 
  end try 
                    begin catch 
                        ROLLBACK TRAN TranUpdate
                    end catch 

17:18:46.172 31 Y - 订单确认收货时更新SQL：
17:18:46.300 31 Y - 订单确认收货时更新SQL：begin try  
  begin tran TranUpdate 
 UPDATE aspnet_Distributors SET ReferralBlance = ISNULL(ReferralBlance, 0) + 23.96 WHERE UserId = 3956 ; 
 UPDATE aspnet_Distributors SET ReferralBlance = ISNULL(ReferralBlance, 0) + 5.99 WHERE UserId = 281 ; 
 UPDATE aspnet_Distributors SET ReferralBlance = ISNULL(ReferralBlance, 0) + 3.00 WHERE UserId = 267 ; 
 UPDATE aspnet_Distributors SET ReferralBlance = ISNULL(ReferralBlance, 0) + 5.99 WHERE UserId = 266 ; 
 UPDATE aspnet_Distributors SET ReferralBlance = ISNULL(ReferralBlance, 0) + 3.00 WHERE UserId = 262 ; 
 UPDATE Hishop_Commissions SET CommOrderStatus = 1 WHERE OrderId = '201512289304950' ;
  COMMIT TRAN TranUpdate 
  end try 
                    begin catch 
                        ROLLBACK TRAN TranUpdate
                    end catch 

17:18:46.495 31 Y - 订单确认收货时更新SQL：
17:18:46.615 31 Y - 订单确认收货时更新SQL：begin try  
  begin tran TranUpdate 
 UPDATE aspnet_Distributors SET ReferralBlance = ISNULL(ReferralBlance, 0) + 42.12 WHERE UserId = 17422 ; 
 UPDATE aspnet_Distributors SET ReferralBlance = ISNULL(ReferralBlance, 0) + 10.53 WHERE UserId = 17406 ; 
 UPDATE aspnet_Distributors SET ReferralBlance = ISNULL(ReferralBlance, 0) + 5.27 WHERE UserId = 459 ; 
 UPDATE aspnet_Distributors SET ReferralBlance = ISNULL(ReferralBlance, 0) + 10.53 WHERE UserId = 252 ; 
 UPDATE aspnet_Distributors SET ReferralBlance = ISNULL(ReferralBlance, 0) + 5.27 WHERE UserId = 218 ; 
 UPDATE Hishop_Commissions SET CommOrderStatus = 1 WHERE OrderId = '201512289728356' ;
  COMMIT TRAN TranUpdate 
  end try 
                    begin catch 
                        ROLLBACK TRAN TranUpdate
                    end catch 

17:18:46.803 31 Y - 订单确认收货时更新SQL：begin try  
  begin tran TranUpdate 
 UPDATE aspnet_Distributors SET ReferralBlance = ISNULL(ReferralBlance, 0) + 42.48 WHERE UserId = 2395 ; 
 UPDATE aspnet_Distributors SET ReferralBlance = ISNULL(ReferralBlance, 0) + 10.62 WHERE UserId = 327 ; 
 UPDATE aspnet_Distributors SET ReferralBlance = ISNULL(ReferralBlance, 0) + 5.31 WHERE UserId = 314 ; 
 UPDATE aspnet_Distributors SET ReferralBlance = ISNULL(ReferralBlance, 0) + 10.62 WHERE UserId = 327 ; 
 UPDATE aspnet_Distributors SET ReferralBlance = ISNULL(ReferralBlance, 0) + 5.31 WHERE UserId = 314 ; 
 UPDATE Hishop_Commissions SET CommOrderStatus = 1 WHERE OrderId = '201512289349139' ;
  COMMIT TRAN TranUpdate 
  end try 
                    begin catch 
                        ROLLBACK TRAN TranUpdate
                    end catch 

17:18:48.628 31 Y - 订单确认收货时更新SQL：
17:18:48.782 31 Y - 订单确认收货时更新SQL：begin try  
  begin tran TranUpdate 
 UPDATE aspnet_Distributors SET ReferralBlance = ISNULL(ReferralBlance, 0) + 27.32 WHERE UserId = 17422 ; 
 UPDATE aspnet_Distributors SET ReferralBlance = ISNULL(ReferralBlance, 0) + 6.83 WHERE UserId = 17406 ; 
 UPDATE aspnet_Distributors SET ReferralBlance = ISNULL(ReferralBlance, 0) + 3.42 WHERE UserId = 459 ; 
 UPDATE aspnet_Distributors SET ReferralBlance = ISNULL(ReferralBlance, 0) + 6.83 WHERE UserId = 252 ; 
 UPDATE aspnet_Distributors SET ReferralBlance = ISNULL(ReferralBlance, 0) + 3.42 WHERE UserId = 218 ; 
 UPDATE Hishop_Commissions SET CommOrderStatus = 1 WHERE OrderId = '201512288872737' ;
  COMMIT TRAN TranUpdate 
  end try 
                    begin catch 
                        ROLLBACK TRAN TranUpdate
                    end catch 

17:18:49.581 31 Y - 订单确认收货时更新SQL：begin try  
  begin tran TranUpdate 
 UPDATE aspnet_Distributors SET ReferralBlance = ISNULL(ReferralBlance, 0) + 31.76 WHERE UserId = 4610 ; 
 UPDATE aspnet_Distributors SET ReferralBlance = ISNULL(ReferralBlance, 0) + 7.94 WHERE UserId = 265 ; 
 UPDATE aspnet_Distributors SET ReferralBlance = ISNULL(ReferralBlance, 0) + 3.97 WHERE UserId = 218 ; 
 UPDATE aspnet_Distributors SET ReferralBlance = ISNULL(ReferralBlance, 0) + 7.94 WHERE UserId = 265 ; 
 UPDATE aspnet_Distributors SET ReferralBlance = ISNULL(ReferralBlance, 0) + 3.97 WHERE UserId = 218 ; 
 UPDATE Hishop_Commissions SET CommOrderStatus = 1 WHERE OrderId = '201512280407019' ;
  COMMIT TRAN TranUpdate 
  end try 
                    begin catch 
                        ROLLBACK TRAN TranUpdate
                    end catch 

17:18:49.815 31 Y - 订单确认收货时更新SQL：begin try  
  begin tran TranUpdate 
 UPDATE aspnet_Distributors SET ReferralBlance = ISNULL(ReferralBlance, 0) + 64.80 WHERE UserId = 594 ; 
 UPDATE aspnet_Distributors SET ReferralBlance = ISNULL(ReferralBlance, 0) + 16.20 WHERE UserId = 300 ; 
 UPDATE aspnet_Distributors SET ReferralBlance = ISNULL(ReferralBlance, 0) + 8.10 WHERE UserId = 218 ; 
 UPDATE aspnet_Distributors SET ReferralBlance = ISNULL(ReferralBlance, 0) + 16.20 WHERE UserId = 300 ; 
 UPDATE aspnet_Distributors SET ReferralBlance = ISNULL(ReferralBlance, 0) + 8.10 WHERE UserId = 218 ; 
 UPDATE Hishop_Commissions SET CommOrderStatus = 1 WHERE OrderId = '201512283131427' ;
  COMMIT TRAN TranUpdate 
  end try 
                    begin catch 
                        ROLLBACK TRAN TranUpdate
                    end catch 

17:18:50.031 31 Y - 订单确认收货时更新SQL：begin try  
  begin tran TranUpdate 
 UPDATE aspnet_Distributors SET ReferralBlance = ISNULL(ReferralBlance, 0) + 56.59 WHERE UserId = 464 ; 
 UPDATE aspnet_Distributors SET ReferralBlance = ISNULL(ReferralBlance, 0) + 14.15 WHERE UserId = 222 ; 
 UPDATE aspnet_Distributors SET ReferralBlance = ISNULL(ReferralBlance, 0) + 7.07 WHERE UserId = 218 ; 
 UPDATE aspnet_Distributors SET ReferralBlance = ISNULL(ReferralBlance, 0) + 14.15 WHERE UserId = 222 ; 
 UPDATE aspnet_Distributors SET ReferralBlance = ISNULL(ReferralBlance, 0) + 7.07 WHERE UserId = 218 ; 
 UPDATE Hishop_Commissions SET CommOrderStatus = 1 WHERE OrderId = '201512284156601' ;
  COMMIT TRAN TranUpdate 
  end try 
                    begin catch 
                        ROLLBACK TRAN TranUpdate
                    end catch 

17:18:50.555 31 Y - 订单确认收货时更新SQL：begin try  
  begin tran TranUpdate 
 UPDATE aspnet_Distributors SET ReferralBlance = ISNULL(ReferralBlance, 0) + 54.96 WHERE UserId = 7673 ; 
 UPDATE aspnet_Distributors SET ReferralBlance = ISNULL(ReferralBlance, 0) + 13.74 WHERE UserId = 7664 ; 
 UPDATE aspnet_Distributors SET ReferralBlance = ISNULL(ReferralBlance, 0) + 6.87 WHERE UserId = 757 ; 
 UPDATE aspnet_Distributors SET ReferralBlance = ISNULL(ReferralBlance, 0) + 13.74 WHERE UserId = 757 ; 
 UPDATE aspnet_Distributors SET ReferralBlance = ISNULL(ReferralBlance, 0) + 6.87 WHERE UserId = 218 ; 
 UPDATE Hishop_Commissions SET CommOrderStatus = 1 WHERE OrderId = '201512288654234' ;
  COMMIT TRAN TranUpdate 
  end try 
                    begin catch 
                        ROLLBACK TRAN TranUpdate
                    end catch 

17:18:52.165 31 Y - 订单确认收货时更新SQL：begin try  
  begin tran TranUpdate 
 UPDATE aspnet_Distributors SET ReferralBlance = ISNULL(ReferralBlance, 0) + 64.80 WHERE UserId = 2237 ; 
 UPDATE aspnet_Distributors SET ReferralBlance = ISNULL(ReferralBlance, 0) + 16.20 WHERE UserId = 1140 ; 
 UPDATE aspnet_Distributors SET ReferralBlance = ISNULL(ReferralBlance, 0) + 8.10 WHERE UserId = 314 ; 
 UPDATE aspnet_Distributors SET ReferralBlance = ISNULL(ReferralBlance, 0) + 16.20 WHERE UserId = 1140 ; 
 UPDATE aspnet_Distributors SET ReferralBlance = ISNULL(ReferralBlance, 0) + 8.10 WHERE UserId = 314 ; 
 UPDATE Hishop_Commissions SET CommOrderStatus = 1 WHERE OrderId = '201512288702886' ;
  COMMIT TRAN TranUpdate 
  end try 
                    begin catch 
                        ROLLBACK TRAN TranUpdate
                    end catch 


#Software: iisexpress
#ProcessID: 3168
#AppDomain: /LM/W3SVC/18/ROOT-1-130963746938179638
#FileName: C:\Program Files (x86)\IIS Express\iisexpress.exe
#BaseDirectory: D:\02.SoftData\99.DevProject\15.WFX\trunk\01.Src\wfx3.0\web\
#CurrentDirectory: C:\Program Files (x86)\IIS Express
#CommandLine: /config:"C:\Users\DX\Documents\IISExpress\config\applicationhost.config"  /site:"web(1)" /apppool:"Clr4ClassicAppPool"
#ApplicationType: Web
#CLR: 4.0.30319.34209
#OS: Windows 7 Service Pack 1 x64, DX/DXD-PC
#CPU: Intel(R) Core(TM) i5-3470 CPU @ 3.20GHz BFEBFBFF000306A9
#Memory: 2,359M/10,185M
#Date: 2016-01-04
#字段: 时间 线程ID 线程池Y网页W普通N 线程名 消息内容
#Fields: Time ThreadID IsPoolThread ThreadName Message
17:52:14.139  8 W - NewLife.Core v5.4.2015.0511 Build 2015-09-15 21:09:08
17:52:21.339  8 W - Application Error:引发类型为“System.Web.HttpUnhandledException”的异常。
17:52:21.394  8 W - Application Error Detail: System.Web.HttpUnhandledException (0x80004005): 引发类型为“System.Web.HttpUnhandledException”的异常。 ---> System.Web.HttpException (0x80004005): 在选定的数据源上未找到名为“MemberCnt”的字段或属性。
   在 System.Web.UI.WebControls.BoundField.TryGetSimplePropertyValue(Object dataItem, Object& data)
   在 System.Web.UI.WebControls.BoundField.GetValue(Control controlContainer)
   在 System.Web.UI.WebControls.BoundField.OnDataBindField(Object sender, EventArgs e)
   在 System.EventHandler.Invoke(Object sender, EventArgs e)
   在 System.Web.UI.Control.OnDataBinding(EventArgs e)
   在 System.Web.UI.Control.DataBind(Boolean raiseOnDataBinding)
   在 System.Web.UI.Control.DataBind()
   在 System.Web.UI.Control.DataBindChildren()
   在 System.Web.UI.Control.DataBind(Boolean raiseOnDataBinding)
   在 System.Web.UI.Control.DataBind()
   在 System.Web.UI.WebControls.GridView.CreateRow(Int32 rowIndex, Int32 dataSourceIndex, DataControlRowType rowType, DataControlRowState rowState, Boolean dataBind, Object dataItem, DataControlField[] fields, TableRowCollection rows, PagedDataSource pagedDataSource)
   在 System.Web.UI.WebControls.GridView.CreateChildControls(IEnumerable dataSource, Boolean dataBinding)
   在 System.Web.UI.WebControls.CompositeDataBoundControl.PerformDataBinding(IEnumerable data)
   在 System.Web.UI.WebControls.GridView.PerformDataBinding(IEnumerable data)
   在 System.Web.UI.WebControls.DataBoundControl.OnDataSourceViewSelectCallback(IEnumerable data)
   在 System.Web.UI.DataSourceView.Select(DataSourceSelectArguments arguments, DataSourceViewSelectCallback callback)
   在 System.Web.UI.WebControls.DataBoundControl.PerformSelect()
   在 System.Web.UI.WebControls.BaseDataBoundControl.DataBind()
   在 System.Web.UI.WebControls.GridView.DataBind()
   在 Hidistro.UI.Web.Admin.DistributorSaleStatistics.BindMonthSaleTotalStatistics() 位置 d:\02.SoftData\99.DevProject\15.WFX\trunk\01.Src\wfx3.0\Hidistro.UI.Web\Hidistro.UI.Web.Admin\DistributorSaleStatistics.cs:行号 124
   在 Hidistro.UI.Web.Admin.DistributorSaleStatistics.Page_Load(Object sender, EventArgs e) 位置 d:\02.SoftData\99.DevProject\15.WFX\trunk\01.Src\wfx3.0\Hidistro.UI.Web\Hidistro.UI.Web.Admin\DistributorSaleStatistics.cs:行号 379
   在 System.Web.Util.CalliEventHandlerDelegateProxy.Callback(Object sender, EventArgs e)
   在 System.Web.UI.Control.OnLoad(EventArgs e)
   在 System.Web.UI.Control.LoadRecursive()
   在 System.Web.UI.Page.ProcessRequestMain(Boolean includeStagesBeforeAsyncPoint, Boolean includeStagesAfterAsyncPoint)
   在 System.Web.UI.Page.HandleError(Exception e)
   在 System.Web.UI.Page.ProcessRequestMain(Boolean includeStagesBeforeAsyncPoint, Boolean includeStagesAfterAsyncPoint)
   在 System.Web.UI.Page.ProcessRequest(Boolean includeStagesBeforeAsyncPoint, Boolean includeStagesAfterAsyncPoint)
   在 System.Web.UI.Page.ProcessRequest()
   在 System.Web.UI.Page.ProcessRequestWithNoAssert(HttpContext context)
   在 System.Web.UI.Page.ProcessRequest(HttpContext context)
   在 ASP.admin_sales_distributorsalestatistics_aspx.ProcessRequest(HttpContext context) 位置 c:\Users\DX\AppData\Local\Temp\Temporary ASP.NET Files\vs\bbe7d4d3\5da27a86\App_Web_3sec3rzs.4.cs:行号 0
   在 System.Web.HttpApplication.CallHandlerExecutionStep.System.Web.HttpApplication.IExecutionStep.Execute()
   在 System.Web.HttpApplication.ExecuteStep(IExecutionStep step, Boolean& completedSynchronously)
