#Software: iisexpress
#ProcessID: 4868
#AppDomain: /LM/W3SVC/18/ROOT-1-131013678518024354
#FileName: C:\Program Files (x86)\IIS Express\iisexpress.exe
#BaseDirectory: D:\02.SoftData\99.DevProject\15.WFX\trunk\01.Src\wfx3.0\web\
#CurrentDirectory: C:\Program Files (x86)\IIS Express
#CommandLine: /config:"C:\Users\DX\Documents\IISExpress\config\applicationhost.config"  /site:"web(1)" /apppool:"Clr4ClassicAppPool"
#ApplicationType: Web
#CLR: 4.0.30319.42000
#OS: Windows NT 10.0.10586.0 x64, DX/DXD-PC
#CPU: Intel(R) Core(TM) i5-3470 CPU @ 3.20GHz BFEBFBFF000306A9
#Memory: 3,047M/10,185M
#Date: 2016-03-02
#字段: 时间 线程ID 线程池Y网页W普通N 线程名 消息内容
#Fields: Time ThreadID IsPoolThread ThreadName Message
12:51:25.685  6 W - NewLife.Core v5.4.2015.0511 Build 2015-09-15 21:09:08
12:51:26.560  6 W - -------微信接口配置相关信息GetJsApi_ticket--------jsapi_ticket：{"errcode":0,"errmsg":"ok","ticket":"kgt8ON7yVITDhtdwci0qeTfQwtXNb-DlGAtAMIWDI3v4QaG51M5L0OXUKKctMYmjtBvXydzg_qqy_EIs61-VfQ","expires_in":7200}  微信Token：blymIoHeOGY8tal7Ca2svp454FSwnlhbogW5XCWjGRszv8QfSQAI7JLeMwF7k87Jgv44aItI2FvI6jkaY4a16f2Qm6ygLfGM9pN3SS0KztiSV9bL--TD9yNfT0RWiRz2BFNfAHAHLT
12:51:26.560  6 W - -------微信接口配置相关信息GetJsApi_ticket--------ticket：kgt8ON7yVITDhtdwci0qeTfQwtXNb-DlGAtAMIWDI3v4QaG51M5L0OXUKKctMYmjtBvXydzg_qqy_EIs61-VfQ  微信Token：blymIoHeOGY8tal7Ca2svp454FSwnlhbogW5XCWjGRszv8QfSQAI7JLeMwF7k87Jgv44aItI2FvI6jkaY4a16f2Qm6ygLfGM9pN3SS0KztiSV9bL--TD9yNfT0RWiRz2BFNfAHAHLT

#Software: iisexpress
#ProcessID: 10064
#AppDomain: /LM/W3SVC/18/ROOT-1-131013679795749566
#FileName: C:\Program Files (x86)\IIS Express\iisexpress.exe
#BaseDirectory: D:\02.SoftData\99.DevProject\15.WFX\trunk\01.Src\wfx3.0\web\
#CurrentDirectory: C:\Program Files (x86)\IIS Express
#CommandLine: /config:"C:\Users\DX\Documents\IISExpress\config\applicationhost.config"  /site:"web(1)" /apppool:"Clr4ClassicAppPool"
#ApplicationType: Web
#CLR: 4.0.30319.42000
#OS: Windows NT 10.0.10586.0 x64, DX/DXD-PC
#CPU: Intel(R) Core(TM) i5-3470 CPU @ 3.20GHz BFEBFBFF000306A9
#Memory: 2,985M/10,185M
#Date: 2016-03-02
#字段: 时间 线程ID 线程池Y网页W普通N 线程名 消息内容
#Fields: Time ThreadID IsPoolThread ThreadName Message
12:53:07.886  7 W - NewLife.Core v5.4.2015.0511 Build 2015-09-15 21:09:08
12:53:08.073  7 W - -------微信接口配置相关信息GetJsApi_ticket--------jsapi_ticket：{"errcode":0,"errmsg":"ok","ticket":"kgt8ON7yVITDhtdwci0qeTfQwtXNb-DlGAtAMIWDI3v4QaG51M5L0OXUKKctMYmjtBvXydzg_qqy_EIs61-VfQ","expires_in":7200}  微信Token：vn901TPhaU7fJnY_qmM_MdjeYLdhGj5lf5wedydSH9bIntZ1p7-NNrOgGwu52E--Gahr_l8ML3JkkBbg3BqcH6iabg0EY5mZBG9tHoYTlIjnleW7TqsR9_TOHHnerY8jFPZjAGASCM
12:53:08.073  7 W - -------微信接口配置相关信息GetJsApi_ticket--------ticket：kgt8ON7yVITDhtdwci0qeTfQwtXNb-DlGAtAMIWDI3v4QaG51M5L0OXUKKctMYmjtBvXydzg_qqy_EIs61-VfQ  微信Token：vn901TPhaU7fJnY_qmM_MdjeYLdhGj5lf5wedydSH9bIntZ1p7-NNrOgGwu52E--Gahr_l8ML3JkkBbg3BqcH6iabg0EY5mZBG9tHoYTlIjnleW7TqsR9_TOHHnerY8jFPZjAGASCM
12:53:36.582  9 W - Application Error:无法从带有索引像素格式的图像创建 Graphics 对象。
12:53:36.628  9 W - Application Error Detail: System.Exception: 无法从带有索引像素格式的图像创建 Graphics 对象。
   在 System.Drawing.Graphics.FromImage(Image image)
   在 Hidistro.UI.Web.API.GetQRCode.CombinImage(Image imgBack, Image img, String userName, String userImg, String siteFlag) 位置 d:\02.SoftData\99.DevProject\15.WFX\trunk\01.Src\wfx3.0\Hidistro.UI.Web\Hidistro.UI.Web.API\GetQRCode.cs:行号 101
   在 Hidistro.UI.Web.API.GetQRCode.ProcessRequest(HttpContext context) 位置 d:\02.SoftData\99.DevProject\15.WFX\trunk\01.Src\wfx3.0\Hidistro.UI.Web\Hidistro.UI.Web.API\GetQRCode.cs:行号 189
   在 System.Web.HttpApplication.CallHandlerExecutionStep.System.Web.HttpApplication.IExecutionStep.Execute()
   在 System.Web.HttpApplication.ExecuteStep(IExecutionStep step, Boolean& completedSynchronously)

#Software: iisexpress
#ProcessID: 14088
#AppDomain: /LM/W3SVC/18/ROOT-1-131013681133808184
#FileName: C:\Program Files (x86)\IIS Express\iisexpress.exe
#BaseDirectory: D:\02.SoftData\99.DevProject\15.WFX\trunk\01.Src\wfx3.0\web\
#CurrentDirectory: C:\Program Files (x86)\IIS Express
#CommandLine: /config:"C:\Users\DX\Documents\IISExpress\config\applicationhost.config"  /site:"web(1)" /apppool:"Clr4ClassicAppPool"
#ApplicationType: Web
#CLR: 4.0.30319.42000
#OS: Windows NT 10.0.10586.0 x64, DX/DXD-PC
#CPU: Intel(R) Core(TM) i5-3470 CPU @ 3.20GHz BFEBFBFF000306A9
#Memory: 3,026M/10,185M
#Date: 2016-03-02
#字段: 时间 线程ID 线程池Y网页W普通N 线程名 消息内容
#Fields: Time ThreadID IsPoolThread ThreadName Message
12:55:58.134  3 W - Application Error:引发类型为“System.Web.HttpUnhandledException”的异常。
12:55:58.136  9 W - NewLife.Core v5.4.2015.0511 Build 2015-09-15 21:09:08
12:56:05.379  9 W - Application Error:引发类型为“System.Web.HttpUnhandledException”的异常。
12:56:05.381  9 W - Application Error Detail: System.Web.HttpUnhandledException (0x80004005): 引发类型为“System.Web.HttpUnhandledException”的异常。 ---> System.InvalidOperationException: 超时时间已到。超时时间已到，但是尚未从池中获取连接。出现这种情况可能是因为所有池连接均在使用，并且达到了最大池大小。
   在 System.Data.ProviderBase.DbConnectionFactory.TryGetConnection(DbConnection owningConnection, TaskCompletionSource`1 retry, DbConnectionOptions userOptions, DbConnectionInternal oldConnection, DbConnectionInternal& connection)
   在 System.Data.ProviderBase.DbConnectionInternal.TryOpenConnectionInternal(DbConnection outerConnection, DbConnectionFactory connectionFactory, TaskCompletionSource`1 retry, DbConnectionOptions userOptions)
   在 System.Data.ProviderBase.DbConnectionClosed.TryOpenConnection(DbConnection outerConnection, DbConnectionFactory connectionFactory, TaskCompletionSource`1 retry, DbConnectionOptions userOptions)
   在 System.Data.SqlClient.SqlConnection.TryOpenInner(TaskCompletionSource`1 retry)
   在 System.Data.SqlClient.SqlConnection.TryOpen(TaskCompletionSource`1 retry)
   在 System.Data.SqlClient.SqlConnection.Open()
   在 Microsoft.Practices.EnterpriseLibrary.Data.Database.GetNewOpenConnection()
   在 Microsoft.Practices.EnterpriseLibrary.Data.Database.GetOpenConnection(Boolean disposeInnerConnection)
   在 Microsoft.Practices.EnterpriseLibrary.Data.Database.ExecuteReader(DbCommand command)
   在 Hidistro.SqlDal.Commodities.ProductDao.GetQRCodeDistProductByPTTypeId(Int32 ptTypeId) 位置 d:\02.SoftData\99.DevProject\15.WFX\trunk\01.Src\wfx3.0\Hidistro.SqlDal\Commodities\ProductDao.cs:行号 817
   在 Hidistro.SaleSystem.Vshop.DistributorsBrower.GetQRCodeDistProductByPTTypeId(Int32 ptTypeId) 位置 d:\02.SoftData\99.DevProject\15.WFX\trunk\01.Src\wfx3.0\Hidistro.SaleSystem.Vshop\DistributorsBrower.cs:行号 1770
   在 Hidistro.UI.SaleSystem.CodeBehind.VQRcode.AttachChildControls() 位置 d:\02.SoftData\99.DevProject\15.WFX\trunk\01.Src\wfx3.0\Hidistro.UI.SaleSystem.CodeBehind\VQRcode.cs:行号 72
   在 Hidistro.UI.Common.Controls.VshopTemplatedWebControl.CreateChildControls() 位置 d:\02.SoftData\99.DevProject\15.WFX\trunk\01.Src\wfx3.0\Hidistro.UI.Common.Controls\VshopTemplatedWebControl.cs:行号 122
   在 System.Web.UI.Control.EnsureChildControls()
   在 System.Web.UI.Control.PreRenderRecursiveInternal()
   在 System.Web.UI.Control.PreRenderRecursiveInternal()
   在 System.Web.UI.Page.ProcessRequestMain(Boolean includeStagesBeforeAsyncPoint, Boolean includeStagesAfterAsyncPoint)
   在 System.Web.UI.Page.HandleError(Exception e)
   在 System.Web.UI.Page.ProcessRequestMain(Boolean includeStagesBeforeAsyncPoint, Boolean includeStagesAfterAsyncPoint)
   在 System.Web.UI.Page.ProcessRequest(Boolean includeStagesBeforeAsyncPoint, Boolean includeStagesAfterAsyncPoint)
   在 System.Web.UI.Page.ProcessRequest()
   在 System.Web.UI.Page.ProcessRequestWithNoAssert(HttpContext context)
   在 System.Web.UI.Page.ProcessRequest(HttpContext context)
   在 ASP.vshop_qrcode_aspx.ProcessRequest(HttpContext context) 位置 c:\Users\DX\AppData\Local\Temp\Temporary ASP.NET Files\vs\bbe7d4d3\5da27a86\App_Web_kwco2vpf.11.cs:行号 0
   在 System.Web.HttpApplication.CallHandlerExecutionStep.System.Web.HttpApplication.IExecutionStep.Execute()
   在 System.Web.HttpApplication.ExecuteStep(IExecutionStep step, Boolean& completedSynchronously)
12:56:05.383  3 W - Application Error Detail: System.Web.HttpUnhandledException (0x80004005): 引发类型为“System.Web.HttpUnhandledException”的异常。 ---> System.Data.SqlClient.SqlException (0x80131904): 在与 SQL Server 建立连接时出现与网络相关的或特定于实例的错误。未找到或无法访问服务器。请验证实例名称是否正确并且 SQL Server 已配置为允许远程连接。 (provider: Named Pipes Provider, error: 40 - 无法打开到 SQL Server 的连接) ---> System.ComponentModel.Win32Exception (0x80004005): 找不到网络路径。
   在 System.Data.SqlClient.SqlInternalConnectionTds..ctor(DbConnectionPoolIdentity identity, SqlConnectionString connectionOptions, SqlCredential credential, Object providerInfo, String newPassword, SecureString newSecurePassword, Boolean redirectedUserInstance, SqlConnectionString userConnectionOptions, SessionData reconnectSessionData, DbConnectionPool pool, String accessToken, Boolean applyTransientFaultHandling)
   在 System.Data.SqlClient.SqlConnectionFactory.CreateConnection(DbConnectionOptions options, DbConnectionPoolKey poolKey, Object poolGroupProviderInfo, DbConnectionPool pool, DbConnection owningConnection, DbConnectionOptions userOptions)
   在 System.Data.ProviderBase.DbConnectionFactory.CreatePooledConnection(DbConnectionPool pool, DbConnection owningObject, DbConnectionOptions options, DbConnectionPoolKey poolKey, DbConnectionOptions userOptions)
   在 System.Data.ProviderBase.DbConnectionPool.CreateObject(DbConnection owningObject, DbConnectionOptions userOptions, DbConnectionInternal oldConnection)
   在 System.Data.ProviderBase.DbConnectionPool.UserCreateRequest(DbConnection owningObject, DbConnectionOptions userOptions, DbConnectionInternal oldConnection)
   在 System.Data.ProviderBase.DbConnectionPool.TryGetConnection(DbConnection owningObject, UInt32 waitForMultipleObjectsTimeout, Boolean allowCreate, Boolean onlyOneCheckConnection, DbConnectionOptions userOptions, DbConnectionInternal& connection)
   在 System.Data.ProviderBase.DbConnectionPool.TryGetConnection(DbConnection owningObject, TaskCompletionSource`1 retry, DbConnectionOptions userOptions, DbConnectionInternal& connection)
   在 System.Data.ProviderBase.DbConnectionFactory.TryGetConnection(DbConnection owningConnection, TaskCompletionSource`1 retry, DbConnectionOptions userOptions, DbConnectionInternal oldConnection, DbConnectionInternal& connection)
   在 System.Data.ProviderBase.DbConnectionInternal.TryOpenConnectionInternal(DbConnection outerConnection, DbConnectionFactory connectionFactory, TaskCompletionSource`1 retry, DbConnectionOptions userOptions)
   在 System.Data.ProviderBase.DbConnectionClosed.TryOpenConnection(DbConnection outerConnection, DbConnectionFactory connectionFactory, TaskCompletionSource`1 retry, DbConnectionOptions userOptions)
   在 System.Data.SqlClient.SqlConnection.TryOpenInner(TaskCompletionSource`1 retry)
   在 System.Data.SqlClient.SqlConnection.TryOpen(TaskCompletionSource`1 retry)
   在 System.Data.SqlClient.SqlConnection.Open()
   在 Microsoft.Practices.EnterpriseLibrary.Data.Database.GetNewOpenConnection()
   在 Microsoft.Practices.EnterpriseLibrary.Data.Database.GetOpenConnection(Boolean disposeInnerConnection)
   在 Microsoft.Practices.EnterpriseLibrary.Data.Database.ExecuteReader(DbCommand command)
   在 Hidistro.SqlDal.Sales.SaleStatisticDao.GetStatistics() 位置 d:\02.SoftData\99.DevProject\15.WFX\trunk\01.Src\wfx3.0\Hidistro.SqlDal\Sales\SaleStatisticDao.cs:行号 453
   在 Hidistro.ControlPanel.Sales.SalesHelper.GetStatistics() 位置 d:\02.SoftData\99.DevProject\15.WFX\trunk\01.Src\wfx3.0\ControlPanel\Sales\SalesHelper.cs:行号 225
   在 Hidistro.UI.Web.Admin.Main.Page_Load(Object sender, EventArgs e) 位置 d:\02.SoftData\99.DevProject\15.WFX\trunk\01.Src\wfx3.0\Hidistro.UI.Web\Hidistro.UI.Web.Admin\Main.cs:行号 86
   在 System.Web.Util.CalliEventHandlerDelegateProxy.Callback(Object sender, EventArgs e)
   在 System.Web.UI.Control.OnLoad(EventArgs e)
   在 System.Web.UI.Control.LoadRecursive()
   在 System.Web.UI.Page.ProcessRequestMain(Boolean includeStagesBeforeAsyncPoint, Boolean includeStagesAfterAsyncPoint)
ClientConnectionId:00000000-0000-0000-0000-000000000000
Error Number:53,State:0,Class:20
   在 System.Web.UI.Page.HandleError(Exception e)
   在 System.Web.UI.Page.ProcessRequestMain(Boolean includeStagesBeforeAsyncPoint, Boolean includeStagesAfterAsyncPoint)
   在 System.Web.UI.Page.ProcessRequest(Boolean includeStagesBeforeAsyncPoint, Boolean includeStagesAfterAsyncPoint)
   在 System.Web.UI.Page.ProcessRequest()
   在 System.Web.UI.Page.ProcessRequestWithNoAssert(HttpContext context)
   在 System.Web.UI.Page.ProcessRequest(HttpContext context)
   在 ASP.admin_default_aspx.ProcessRequest(HttpContext context) 位置 c:\Users\DX\AppData\Local\Temp\Temporary ASP.NET Files\vs\bbe7d4d3\5da27a86\App_Web_31oscy1d.2.cs:行号 0
   在 System.Web.HttpApplication.CallHandlerExecutionStep.System.Web.HttpApplication.IExecutionStep.Execute()
   在 System.Web.HttpApplication.ExecuteStep(IExecutionStep step, Boolean& completedSynchronously)
12:56:05.546 10 W - -------微信接口配置相关信息GetJsApi_ticket--------jsapi_ticket：{"errcode":0,"errmsg":"ok","ticket":"kgt8ON7yVITDhtdwci0qeTfQwtXNb-DlGAtAMIWDI3v4QaG51M5L0OXUKKctMYmjtBvXydzg_qqy_EIs61-VfQ","expires_in":7200}  微信Token：_1mMQLchK7_0gFWO-TxS_XOYtvxhDlLF88maft7blfTZ6i3Apro2LsVKML6c8rlPkjNRQbZNfPjinKBJogVSmYgxDDQxNCOPHQQMsxWaNiEQEAjADAYMI
12:56:05.546 10 W - -------微信接口配置相关信息GetJsApi_ticket--------ticket：kgt8ON7yVITDhtdwci0qeTfQwtXNb-DlGAtAMIWDI3v4QaG51M5L0OXUKKctMYmjtBvXydzg_qqy_EIs61-VfQ  微信Token：_1mMQLchK7_0gFWO-TxS_XOYtvxhDlLF88maft7blfTZ6i3Apro2LsVKML6c8rlPkjNRQbZNfPjinKBJogVSmYgxDDQxNCOPHQQMsxWaNiEQEAjADAYMI
12:56:38.775  9 W - Application Error:无法从带有索引像素格式的图像创建 Graphics 对象。
12:56:38.778  9 W - Application Error Detail: System.Exception: 无法从带有索引像素格式的图像创建 Graphics 对象。
   在 System.Drawing.Graphics.FromImage(Image image)
   在 Hidistro.UI.Web.API.GetQRCode.CombinImage(Image imgBack, Image img, String userName, String userImg, String siteFlag) 位置 d:\02.SoftData\99.DevProject\15.WFX\trunk\01.Src\wfx3.0\Hidistro.UI.Web\Hidistro.UI.Web.API\GetQRCode.cs:行号 65
   在 Hidistro.UI.Web.API.GetQRCode.ProcessRequest(HttpContext context) 位置 d:\02.SoftData\99.DevProject\15.WFX\trunk\01.Src\wfx3.0\Hidistro.UI.Web\Hidistro.UI.Web.API\GetQRCode.cs:行号 193
   在 System.Web.HttpApplication.CallHandlerExecutionStep.System.Web.HttpApplication.IExecutionStep.Execute()
   在 System.Web.HttpApplication.ExecuteStep(IExecutionStep step, Boolean& completedSynchronously)
12:58:39.836 10 W - Application Error:无法从带有索引像素格式的图像创建 Graphics 对象。
12:58:39.838 10 W - Application Error Detail: System.Exception: 无法从带有索引像素格式的图像创建 Graphics 对象。
   在 System.Drawing.Graphics.FromImage(Image image)
   在 Hidistro.UI.Web.API.GetQRCode.CombinImage(Image imgBack, Image img, String userName, String userImg, String siteFlag) 位置 d:\02.SoftData\99.DevProject\15.WFX\trunk\01.Src\wfx3.0\Hidistro.UI.Web\Hidistro.UI.Web.API\GetQRCode.cs:行号 65
   在 Hidistro.UI.Web.API.GetQRCode.ProcessRequest(HttpContext context) 位置 d:\02.SoftData\99.DevProject\15.WFX\trunk\01.Src\wfx3.0\Hidistro.UI.Web\Hidistro.UI.Web.API\GetQRCode.cs:行号 193
   在 System.Web.HttpApplication.CallHandlerExecutionStep.System.Web.HttpApplication.IExecutionStep.Execute()
   在 System.Web.HttpApplication.ExecuteStep(IExecutionStep step, Boolean& completedSynchronously)

#Software: iisexpress
#ProcessID: 13472
#AppDomain: /LM/W3SVC/18/ROOT-1-131013687663061258
#FileName: C:\Program Files (x86)\IIS Express\iisexpress.exe
#BaseDirectory: D:\02.SoftData\99.DevProject\15.WFX\trunk\01.Src\wfx3.0\web\
#CurrentDirectory: C:\Program Files (x86)\IIS Express
#CommandLine: /config:"C:\Users\DX\Documents\IISExpress\config\applicationhost.config"  /site:"web(1)" /apppool:"Clr4ClassicAppPool"
#ApplicationType: Web
#CLR: 4.0.30319.42000
#OS: Windows NT 10.0.10586.0 x64, DX/DXD-PC
#CPU: Intel(R) Core(TM) i5-3470 CPU @ 3.20GHz BFEBFBFF000306A9
#Memory: 2,938M/10,185M
#Date: 2016-03-02
#字段: 时间 线程ID 线程池Y网页W普通N 线程名 消息内容
#Fields: Time ThreadID IsPoolThread ThreadName Message
13:06:14.506  7 W - NewLife.Core v5.4.2015.0511 Build 2015-09-15 21:09:08
13:06:14.775  7 W - -------微信接口配置相关信息GetJsApi_ticket--------jsapi_ticket：{"errcode":0,"errmsg":"ok","ticket":"kgt8ON7yVITDhtdwci0qeTfQwtXNb-DlGAtAMIWDI3v4QaG51M5L0OXUKKctMYmjtBvXydzg_qqy_EIs61-VfQ","expires_in":7200}  微信Token：RH4ua8K_hR12CMH5fq9E7XIyouyNx9JVdNb1GVNEOJy2BD13cLOk0b9MYlpOl0U0pwWgBYnRnsyrBKwucwlRvCB9Lv_P6zxZBdCJkeD2JqjQnd3t5xoUJZGTYtT-_IqfRFHbABAUIK
13:06:14.775  7 W - -------微信接口配置相关信息GetJsApi_ticket--------ticket：kgt8ON7yVITDhtdwci0qeTfQwtXNb-DlGAtAMIWDI3v4QaG51M5L0OXUKKctMYmjtBvXydzg_qqy_EIs61-VfQ  微信Token：RH4ua8K_hR12CMH5fq9E7XIyouyNx9JVdNb1GVNEOJy2BD13cLOk0b9MYlpOl0U0pwWgBYnRnsyrBKwucwlRvCB9Lv_P6zxZBdCJkeD2JqjQnd3t5xoUJZGTYtT-_IqfRFHbABAUIK

#Software: iisexpress
#ProcessID: 12688
#AppDomain: /LM/W3SVC/18/ROOT-1-131013691838914835
#FileName: C:\Program Files (x86)\IIS Express\iisexpress.exe
#BaseDirectory: D:\02.SoftData\99.DevProject\15.WFX\trunk\01.Src\wfx3.0\web\
#CurrentDirectory: C:\Program Files (x86)\IIS Express
#CommandLine: /config:"C:\Users\DX\Documents\IISExpress\config\applicationhost.config"  /site:"web(1)" /apppool:"Clr4ClassicAppPool"
#ApplicationType: Web
#CLR: 4.0.30319.42000
#OS: Windows NT 10.0.10586.0 x64, DX/DXD-PC
#CPU: Intel(R) Core(TM) i5-3470 CPU @ 3.20GHz BFEBFBFF000306A9
#Memory: 2,671M/10,185M
#Date: 2016-03-02
#字段: 时间 线程ID 线程池Y网页W普通N 线程名 消息内容
#Fields: Time ThreadID IsPoolThread ThreadName Message
13:14:16.425  8 W - NewLife.Core v5.4.2015.0511 Build 2015-09-15 21:09:08
13:14:16.718  8 W - -------微信接口配置相关信息GetJsApi_ticket--------jsapi_ticket：{"errcode":0,"errmsg":"ok","ticket":"kgt8ON7yVITDhtdwci0qeTfQwtXNb-DlGAtAMIWDI3v4QaG51M5L0OXUKKctMYmjtBvXydzg_qqy_EIs61-VfQ","expires_in":7200}  微信Token：4Jh-dHyvDWq4XpDkLCwhHyhz-CQqkEtw6tZnTybqAWwcgZaVOImRzcl0dWqGT_A8pwu39xloWVqTjgom40y7LY_mVVz2RKw61MsFrYGWazBgIG39lX-ZWsLB9GkXEox5PYHhAJAVEN
13:14:16.718  8 W - -------微信接口配置相关信息GetJsApi_ticket--------ticket：kgt8ON7yVITDhtdwci0qeTfQwtXNb-DlGAtAMIWDI3v4QaG51M5L0OXUKKctMYmjtBvXydzg_qqy_EIs61-VfQ  微信Token：4Jh-dHyvDWq4XpDkLCwhHyhz-CQqkEtw6tZnTybqAWwcgZaVOImRzcl0dWqGT_A8pwu39xloWVqTjgom40y7LY_mVVz2RKw61MsFrYGWazBgIG39lX-ZWsLB9GkXEox5PYHhAJAVEN

#Software: iisexpress
#ProcessID: 13904
#AppDomain: /LM/W3SVC/18/ROOT-1-131013693997922179
#FileName: C:\Program Files (x86)\IIS Express\iisexpress.exe
#BaseDirectory: D:\02.SoftData\99.DevProject\15.WFX\trunk\01.Src\wfx3.0\web\
#CurrentDirectory: C:\Program Files (x86)\IIS Express
#CommandLine: /config:"C:\Users\DX\Documents\IISExpress\config\applicationhost.config"  /site:"web(1)" /apppool:"Clr4ClassicAppPool"
#ApplicationType: Web
#CLR: 4.0.30319.42000
#OS: Windows NT 10.0.10586.0 x64, DX/DXD-PC
#CPU: Intel(R) Core(TM) i5-3470 CPU @ 3.20GHz BFEBFBFF000306A9
#Memory: 2,748M/10,185M
#Date: 2016-03-02
#字段: 时间 线程ID 线程池Y网页W普通N 线程名 消息内容
#Fields: Time ThreadID IsPoolThread ThreadName Message
13:16:49.973  3 W - NewLife.Core v5.4.2015.0511 Build 2015-09-15 21:09:08
13:16:50.184  3 W - -------微信接口配置相关信息GetJsApi_ticket--------jsapi_ticket：{"errcode":0,"errmsg":"ok","ticket":"kgt8ON7yVITDhtdwci0qeTfQwtXNb-DlGAtAMIWDI3v4QaG51M5L0OXUKKctMYmjtBvXydzg_qqy_EIs61-VfQ","expires_in":7200}  微信Token：-eBZMhv9WzBEA4d1xY820wMn20npZBTFGwiQ91wjxkqdaYBGMqHJWR_QF7Gt6t5LTyvb6s9VAGQTOsS4uHjkW5i-ULsaqpdQr_PVa7kR4rrl0I3hs7P9e2-qWhen5GdUKCXhAAAASN
13:16:50.185  3 W - -------微信接口配置相关信息GetJsApi_ticket--------ticket：kgt8ON7yVITDhtdwci0qeTfQwtXNb-DlGAtAMIWDI3v4QaG51M5L0OXUKKctMYmjtBvXydzg_qqy_EIs61-VfQ  微信Token：-eBZMhv9WzBEA4d1xY820wMn20npZBTFGwiQ91wjxkqdaYBGMqHJWR_QF7Gt6t5LTyvb6s9VAGQTOsS4uHjkW5i-ULsaqpdQr_PVa7kR4rrl0I3hs7P9e2-qWhen5GdUKCXhAAAASN

#Software: iisexpress
#ProcessID: 12960
#AppDomain: /LM/W3SVC/18/ROOT-1-131013695478681780
#FileName: C:\Program Files (x86)\IIS Express\iisexpress.exe
#BaseDirectory: D:\02.SoftData\99.DevProject\15.WFX\trunk\01.Src\wfx3.0\web\
#CurrentDirectory: C:\Program Files (x86)\IIS Express
#CommandLine: /config:"C:\Users\DX\Documents\IISExpress\config\applicationhost.config"  /site:"web(1)" /apppool:"Clr4ClassicAppPool"
#ApplicationType: Web
#CLR: 4.0.30319.42000
#OS: Windows NT 10.0.10586.0 x64, DX/DXD-PC
#CPU: Intel(R) Core(TM) i5-3470 CPU @ 3.20GHz BFEBFBFF000306A9
#Memory: 2,687M/10,185M
#Date: 2016-03-02
#字段: 时间 线程ID 线程池Y网页W普通N 线程名 消息内容
#Fields: Time ThreadID IsPoolThread ThreadName Message
13:19:31.555  6 W - NewLife.Core v5.4.2015.0511 Build 2015-09-15 21:09:08
13:19:31.786  6 W - -------微信接口配置相关信息GetJsApi_ticket--------jsapi_ticket：{"errcode":0,"errmsg":"ok","ticket":"kgt8ON7yVITDhtdwci0qeTfQwtXNb-DlGAtAMIWDI3v4QaG51M5L0OXUKKctMYmjtBvXydzg_qqy_EIs61-VfQ","expires_in":7200}  微信Token：fsvxqkk41gCnBvenHS_ulyTaNWg35HPdVTtDv9tHOS9ynrhzqgC1Qo6esn9VFGl1NPxxJrlMTr9h7WMsFd1BYfH2wkPDavys20-rVOmjgJ_zhQ7E2275QJ2xQN__LB7hOFKhAGAZQV
13:19:31.786  6 W - -------微信接口配置相关信息GetJsApi_ticket--------ticket：kgt8ON7yVITDhtdwci0qeTfQwtXNb-DlGAtAMIWDI3v4QaG51M5L0OXUKKctMYmjtBvXydzg_qqy_EIs61-VfQ  微信Token：fsvxqkk41gCnBvenHS_ulyTaNWg35HPdVTtDv9tHOS9ynrhzqgC1Qo6esn9VFGl1NPxxJrlMTr9h7WMsFd1BYfH2wkPDavys20-rVOmjgJ_zhQ7E2275QJ2xQN__LB7hOFKhAGAZQV

#Software: iisexpress
#ProcessID: 5708
#AppDomain: /LM/W3SVC/18/ROOT-1-131013696675820840
#FileName: C:\Program Files (x86)\IIS Express\iisexpress.exe
#BaseDirectory: D:\02.SoftData\99.DevProject\15.WFX\trunk\01.Src\wfx3.0\web\
#CurrentDirectory: C:\Program Files (x86)\IIS Express
#CommandLine: /config:"C:\Users\DX\Documents\IISExpress\config\applicationhost.config"  /site:"web(1)" /apppool:"Clr4ClassicAppPool"
#ApplicationType: Web
#CLR: 4.0.30319.42000
#OS: Windows NT 10.0.10586.0 x64, DX/DXD-PC
#CPU: Intel(R) Core(TM) i5-3470 CPU @ 3.20GHz BFEBFBFF000306A9
#Memory: 2,892M/10,185M
#Date: 2016-03-02
#字段: 时间 线程ID 线程池Y网页W普通N 线程名 消息内容
#Fields: Time ThreadID IsPoolThread ThreadName Message
13:21:26.914  6 W - NewLife.Core v5.4.2015.0511 Build 2015-09-15 21:09:08
13:21:27.115  6 W - -------微信接口配置相关信息GetJsApi_ticket--------jsapi_ticket：{"errcode":0,"errmsg":"ok","ticket":"kgt8ON7yVITDhtdwci0qeTfQwtXNb-DlGAtAMIWDI3v4QaG51M5L0OXUKKctMYmjtBvXydzg_qqy_EIs61-VfQ","expires_in":7200}  微信Token：7VlYdWkq8aEq1T5oCqEBjsLpuAqhuurY_Ehqq5krHwg8ZNVfJj6dg2x8nGquydBS1DqonkkjlSX3Hx4fK6FmdZbrHWmPS-Ra8HCIdQRMpb8VkLAI_Qs_qvkGrmN-Pb8dSKOeAGAFXB
13:21:27.115  6 W - -------微信接口配置相关信息GetJsApi_ticket--------ticket：kgt8ON7yVITDhtdwci0qeTfQwtXNb-DlGAtAMIWDI3v4QaG51M5L0OXUKKctMYmjtBvXydzg_qqy_EIs61-VfQ  微信Token：7VlYdWkq8aEq1T5oCqEBjsLpuAqhuurY_Ehqq5krHwg8ZNVfJj6dg2x8nGquydBS1DqonkkjlSX3Hx4fK6FmdZbrHWmPS-Ra8HCIdQRMpb8VkLAI_Qs_qvkGrmN-Pb8dSKOeAGAFXB

#Software: iisexpress
#ProcessID: 9600
#AppDomain: /LM/W3SVC/18/ROOT-1-131013697995373716
#FileName: C:\Program Files (x86)\IIS Express\iisexpress.exe
#BaseDirectory: D:\02.SoftData\99.DevProject\15.WFX\trunk\01.Src\wfx3.0\web\
#CurrentDirectory: C:\Program Files (x86)\IIS Express
#CommandLine: /config:"C:\Users\DX\Documents\IISExpress\config\applicationhost.config"  /site:"web(1)" /apppool:"Clr4ClassicAppPool"
#ApplicationType: Web
#CLR: 4.0.30319.42000
#OS: Windows NT 10.0.10586.0 x64, DX/DXD-PC
#CPU: Intel(R) Core(TM) i5-3470 CPU @ 3.20GHz BFEBFBFF000306A9
#Memory: 2,786M/10,185M
#Date: 2016-03-02
#字段: 时间 线程ID 线程池Y网页W普通N 线程名 消息内容
#Fields: Time ThreadID IsPoolThread ThreadName Message
13:23:54.346  3 W - NewLife.Core v5.4.2015.0511 Build 2015-09-15 21:09:08
13:23:54.530  3 W - -------微信接口配置相关信息GetJsApi_ticket--------jsapi_ticket：{"errcode":0,"errmsg":"ok","ticket":"kgt8ON7yVITDhtdwci0qeTfQwtXNb-DlGAtAMIWDI3v4QaG51M5L0OXUKKctMYmjtBvXydzg_qqy_EIs61-VfQ","expires_in":7200}  微信Token：BcuAjExPaL9PEVuGQIgQsN8Hhm6UefHolBHLw10yB3bgyUuB0niIqk8SdYEx2AxDiaQ8iMTIcKBe5l36XGGJv0MvoVMDr2yNDQFQ5_0-ugyjTZRckBiR6f6y1t3-pGFzIINhAJAMMR
13:23:54.530  3 W - -------微信接口配置相关信息GetJsApi_ticket--------ticket：kgt8ON7yVITDhtdwci0qeTfQwtXNb-DlGAtAMIWDI3v4QaG51M5L0OXUKKctMYmjtBvXydzg_qqy_EIs61-VfQ  微信Token：BcuAjExPaL9PEVuGQIgQsN8Hhm6UefHolBHLw10yB3bgyUuB0niIqk8SdYEx2AxDiaQ8iMTIcKBe5l36XGGJv0MvoVMDr2yNDQFQ5_0-ugyjTZRckBiR6f6y1t3-pGFzIINhAJAMMR

#Software: iisexpress
#ProcessID: 17004
#AppDomain: /LM/W3SVC/18/ROOT-1-131013699022432050
#FileName: C:\Program Files (x86)\IIS Express\iisexpress.exe
#BaseDirectory: D:\02.SoftData\99.DevProject\15.WFX\trunk\01.Src\wfx3.0\web\
#CurrentDirectory: C:\Program Files (x86)\IIS Express
#CommandLine: /config:"C:\Users\DX\Documents\IISExpress\config\applicationhost.config"  /site:"web(1)" /apppool:"Clr4ClassicAppPool"
#ApplicationType: Web
#CLR: 4.0.30319.42000
#OS: Windows NT 10.0.10586.0 x64, DX/DXD-PC
#CPU: Intel(R) Core(TM) i5-3470 CPU @ 3.20GHz BFEBFBFF000306A9
#Memory: 2,869M/10,185M
#Date: 2016-03-02
#字段: 时间 线程ID 线程池Y网页W普通N 线程名 消息内容
#Fields: Time ThreadID IsPoolThread ThreadName Message
13:25:25.130  6 W - NewLife.Core v5.4.2015.0511 Build 2015-09-15 21:09:08
13:25:25.354  6 W - -------微信接口配置相关信息GetJsApi_ticket--------jsapi_ticket：{"errcode":0,"errmsg":"ok","ticket":"kgt8ON7yVITDhtdwci0qeTfQwtXNb-DlGAtAMIWDI3v4QaG51M5L0OXUKKctMYmjtBvXydzg_qqy_EIs61-VfQ","expires_in":7200}  微信Token：2cipTGN44vFy5wnd1Nh5IbokgNgp5IUbJU257ylqSo9FVsP7XK7o5MyKXU1TDb8z6aWSjsrZyTOQ9iC8NVF5ZBqf5YMrpZjwmGPOLWmEC8C253c3RJH36kWFSVZU5Kt_BOFhABAWJA
13:25:25.354  6 W - -------微信接口配置相关信息GetJsApi_ticket--------ticket：kgt8ON7yVITDhtdwci0qeTfQwtXNb-DlGAtAMIWDI3v4QaG51M5L0OXUKKctMYmjtBvXydzg_qqy_EIs61-VfQ  微信Token：2cipTGN44vFy5wnd1Nh5IbokgNgp5IUbJU257ylqSo9FVsP7XK7o5MyKXU1TDb8z6aWSjsrZyTOQ9iC8NVF5ZBqf5YMrpZjwmGPOLWmEC8C253c3RJH36kWFSVZU5Kt_BOFhABAWJA

#Software: iisexpress
#ProcessID: 10048
#AppDomain: /LM/W3SVC/18/ROOT-1-131013700748729854
#FileName: C:\Program Files (x86)\IIS Express\iisexpress.exe
#BaseDirectory: D:\02.SoftData\99.DevProject\15.WFX\trunk\01.Src\wfx3.0\web\
#CurrentDirectory: C:\Program Files (x86)\IIS Express
#CommandLine: /config:"C:\Users\DX\Documents\IISExpress\config\applicationhost.config"  /site:"web(1)" /apppool:"Clr4ClassicAppPool"
#ApplicationType: Web
#CLR: 4.0.30319.42000
#OS: Windows NT 10.0.10586.0 x64, DX/DXD-PC
#CPU: Intel(R) Core(TM) i5-3470 CPU @ 3.20GHz BFEBFBFF000306A9
#Memory: 2,817M/10,185M
#Date: 2016-03-02
#字段: 时间 线程ID 线程池Y网页W普通N 线程名 消息内容
#Fields: Time ThreadID IsPoolThread ThreadName Message
13:28:19.246  6 W - NewLife.Core v5.4.2015.0511 Build 2015-09-15 21:09:08
13:28:19.437  6 W - -------微信接口配置相关信息GetJsApi_ticket--------jsapi_ticket：{"errcode":0,"errmsg":"ok","ticket":"kgt8ON7yVITDhtdwci0qeTfQwtXNb-DlGAtAMIWDI3v4QaG51M5L0OXUKKctMYmjtBvXydzg_qqy_EIs61-VfQ","expires_in":7200}  微信Token：4Jh-dHyvDWq4XpDkLCwhH9QdI2EfQ_axsePNLZNPotWlXyObdweW2eAu22FbOXfzErTM0qe6i3PqAEBhOQ4JjKqQuAypPWeGIqNEVjjot0Tk95GlEg-YctIy_EvFRTitYRGdAFAEXM
13:28:19.437  6 W - -------微信接口配置相关信息GetJsApi_ticket--------ticket：kgt8ON7yVITDhtdwci0qeTfQwtXNb-DlGAtAMIWDI3v4QaG51M5L0OXUKKctMYmjtBvXydzg_qqy_EIs61-VfQ  微信Token：4Jh-dHyvDWq4XpDkLCwhH9QdI2EfQ_axsePNLZNPotWlXyObdweW2eAu22FbOXfzErTM0qe6i3PqAEBhOQ4JjKqQuAypPWeGIqNEVjjot0Tk95GlEg-YctIy_EvFRTitYRGdAFAEXM

#Software: iisexpress
#ProcessID: 15916
#AppDomain: /LM/W3SVC/18/ROOT-1-131013701764544083
#FileName: C:\Program Files (x86)\IIS Express\iisexpress.exe
#BaseDirectory: D:\02.SoftData\99.DevProject\15.WFX\trunk\01.Src\wfx3.0\web\
#CurrentDirectory: C:\Program Files (x86)\IIS Express
#CommandLine: /config:"C:\Users\DX\Documents\IISExpress\config\applicationhost.config"  /site:"web(1)" /apppool:"Clr4ClassicAppPool"
#ApplicationType: Web
#CLR: 4.0.30319.42000
#OS: Windows NT 10.0.10586.0 x64, DX/DXD-PC
#CPU: Intel(R) Core(TM) i5-3470 CPU @ 3.20GHz BFEBFBFF000306A9
#Memory: 2,853M/10,185M
#Date: 2016-03-02
#字段: 时间 线程ID 线程池Y网页W普通N 线程名 消息内容
#Fields: Time ThreadID IsPoolThread ThreadName Message
13:30:03.554  3 W - NewLife.Core v5.4.2015.0511 Build 2015-09-15 21:09:08
13:30:03.743  3 W - -------微信接口配置相关信息GetJsApi_ticket--------jsapi_ticket：{"errcode":0,"errmsg":"ok","ticket":"kgt8ON7yVITDhtdwci0qeTfQwtXNb-DlGAtAMIWDI3v4QaG51M5L0OXUKKctMYmjtBvXydzg_qqy_EIs61-VfQ","expires_in":7200}  微信Token：kY5XovWT35zmmLaWr5D7n6BnvwsvV321xij-fYFlYuvXKjnXJWDmZfccHawUMK-8b8UZdwnCRGmRzJkDa7Qvi4H9StZ0_5RsjBnLF9XD-oNbrsbao80mPtzVF9p5T72PMTEaABAUBM
13:30:03.743  3 W - -------微信接口配置相关信息GetJsApi_ticket--------ticket：kgt8ON7yVITDhtdwci0qeTfQwtXNb-DlGAtAMIWDI3v4QaG51M5L0OXUKKctMYmjtBvXydzg_qqy_EIs61-VfQ  微信Token：kY5XovWT35zmmLaWr5D7n6BnvwsvV321xij-fYFlYuvXKjnXJWDmZfccHawUMK-8b8UZdwnCRGmRzJkDa7Qvi4H9StZ0_5RsjBnLF9XD-oNbrsbao80mPtzVF9p5T72PMTEaABAUBM

#Software: iisexpress
#ProcessID: 12616
#AppDomain: /LM/W3SVC/18/ROOT-1-131013702738113538
#FileName: C:\Program Files (x86)\IIS Express\iisexpress.exe
#BaseDirectory: D:\02.SoftData\99.DevProject\15.WFX\trunk\01.Src\wfx3.0\web\
#CurrentDirectory: C:\Program Files (x86)\IIS Express
#CommandLine: /config:"C:\Users\DX\Documents\IISExpress\config\applicationhost.config"  /site:"web(1)" /apppool:"Clr4ClassicAppPool"
#ApplicationType: Web
#CLR: 4.0.30319.42000
#OS: Windows NT 10.0.10586.0 x64, DX/DXD-PC
#CPU: Intel(R) Core(TM) i5-3470 CPU @ 3.20GHz BFEBFBFF000306A9
#Memory: 2,873M/10,185M
#Date: 2016-03-02
#字段: 时间 线程ID 线程池Y网页W普通N 线程名 消息内容
#Fields: Time ThreadID IsPoolThread ThreadName Message
13:31:39.511  6 W - NewLife.Core v5.4.2015.0511 Build 2015-09-15 21:09:08
13:31:39.712  6 W - -------微信接口配置相关信息GetJsApi_ticket--------jsapi_ticket：{"errcode":0,"errmsg":"ok","ticket":"kgt8ON7yVITDhtdwci0qeTfQwtXNb-DlGAtAMIWDI3v4QaG51M5L0OXUKKctMYmjtBvXydzg_qqy_EIs61-VfQ","expires_in":7200}  微信Token：Jyi3riiCg2PdkZ92EnkzXYjeu_cXDJRjOFSFr_qKPWhZEhfykwezji3r05Ix90-V1jtKFRi55yEf82MPw5OYIGOnC3aO8Hce6egl0cCJvcAMREbAAADIV
13:31:39.712  6 W - -------微信接口配置相关信息GetJsApi_ticket--------ticket：kgt8ON7yVITDhtdwci0qeTfQwtXNb-DlGAtAMIWDI3v4QaG51M5L0OXUKKctMYmjtBvXydzg_qqy_EIs61-VfQ  微信Token：Jyi3riiCg2PdkZ92EnkzXYjeu_cXDJRjOFSFr_qKPWhZEhfykwezji3r05Ix90-V1jtKFRi55yEf82MPw5OYIGOnC3aO8Hce6egl0cCJvcAMREbAAADIV

#Software: iisexpress
#ProcessID: 13184
#AppDomain: /LM/W3SVC/18/ROOT-1-131013704447799537
#FileName: C:\Program Files (x86)\IIS Express\iisexpress.exe
#BaseDirectory: D:\02.SoftData\99.DevProject\15.WFX\trunk\01.Src\wfx3.0\web\
#CurrentDirectory: C:\Program Files (x86)\IIS Express
#CommandLine: /config:"C:\Users\DX\Documents\IISExpress\config\applicationhost.config"  /site:"web(1)" /apppool:"Clr4ClassicAppPool"
#ApplicationType: Web
#CLR: 4.0.30319.42000
#OS: Windows NT 10.0.10586.0 x64, DX/DXD-PC
#CPU: Intel(R) Core(TM) i5-3470 CPU @ 3.20GHz BFEBFBFF000306A9
#Memory: 2,887M/10,185M
#Date: 2016-03-02
#字段: 时间 线程ID 线程池Y网页W普通N 线程名 消息内容
#Fields: Time ThreadID IsPoolThread ThreadName Message
13:34:23.489  6 W - NewLife.Core v5.4.2015.0511 Build 2015-09-15 21:09:08
13:34:23.734  6 W - -------微信接口配置相关信息GetJsApi_ticket--------jsapi_ticket：{"errcode":0,"errmsg":"ok","ticket":"kgt8ON7yVITDhtdwci0qeTfQwtXNb-DlGAtAMIWDI3v4QaG51M5L0OXUKKctMYmjtBvXydzg_qqy_EIs61-VfQ","expires_in":7200}  微信Token：Q1CNd2cf9jFTrFRFtNsufe9MMXhWNldpceMoexd_vHMIup-9kHRDNLkYAlLejqYIAOjBTGeMIGBINB7NHMQa9PZetbnjUuGnvujVoQy7CMp6LLpDgOjLnYr0s7iKNopgEJNjAHAMRV
13:34:23.734  6 W - -------微信接口配置相关信息GetJsApi_ticket--------ticket：kgt8ON7yVITDhtdwci0qeTfQwtXNb-DlGAtAMIWDI3v4QaG51M5L0OXUKKctMYmjtBvXydzg_qqy_EIs61-VfQ  微信Token：Q1CNd2cf9jFTrFRFtNsufe9MMXhWNldpceMoexd_vHMIup-9kHRDNLkYAlLejqYIAOjBTGeMIGBINB7NHMQa9PZetbnjUuGnvujVoQy7CMp6LLpDgOjLnYr0s7iKNopgEJNjAHAMRV

#Software: iisexpress
#ProcessID: 15756
#AppDomain: /LM/W3SVC/18/ROOT-1-131013712935715320
#FileName: C:\Program Files (x86)\IIS Express\iisexpress.exe
#BaseDirectory: D:\02.SoftData\99.DevProject\15.WFX\trunk\01.Src\wfx3.0\web\
#CurrentDirectory: C:\Program Files (x86)\IIS Express
#CommandLine: /config:"C:\Users\DX\Documents\IISExpress\config\applicationhost.config"  /site:"web(1)" /apppool:"Clr4ClassicAppPool"
#ApplicationType: Web
#CLR: 4.0.30319.42000
#OS: Windows NT 10.0.10586.0 x64, DX/DXD-PC
#CPU: Intel(R) Core(TM) i5-3470 CPU @ 3.20GHz BFEBFBFF000306A9
#Memory: 2,904M/10,185M
#Date: 2016-03-02
#字段: 时间 线程ID 线程池Y网页W普通N 线程名 消息内容
#Fields: Time ThreadID IsPoolThread ThreadName Message
13:48:26.970  8 W - NewLife.Core v5.4.2015.0511 Build 2015-09-15 21:09:08
13:48:27.162  8 W - -------微信接口配置相关信息GetJsApi_ticket--------jsapi_ticket：{"errcode":0,"errmsg":"ok","ticket":"kgt8ON7yVITDhtdwci0qeTfQwtXNb-DlGAtAMIWDI3v4QaG51M5L0OXUKKctMYmjtBvXydzg_qqy_EIs61-VfQ","expires_in":7200}  微信Token：GX8nk8Yq4jKrGq5HSdZZd39n4sn_Ac6AUxx2wm6HK1UCUsmJ6Sao7qVhx6m3u4kgfXSkqIeStjAHIU7KdpOyQ7bPQp3Kn5n8QPbuFW8uEgd_Xuvq7CyJJEuXM2gi0ph0BEQcAGAWZL
13:48:27.162  8 W - -------微信接口配置相关信息GetJsApi_ticket--------ticket：kgt8ON7yVITDhtdwci0qeTfQwtXNb-DlGAtAMIWDI3v4QaG51M5L0OXUKKctMYmjtBvXydzg_qqy_EIs61-VfQ  微信Token：GX8nk8Yq4jKrGq5HSdZZd39n4sn_Ac6AUxx2wm6HK1UCUsmJ6Sao7qVhx6m3u4kgfXSkqIeStjAHIU7KdpOyQ7bPQp3Kn5n8QPbuFW8uEgd_Xuvq7CyJJEuXM2gi0ph0BEQcAGAWZL

#Software: iisexpress
#ProcessID: 13028
#AppDomain: /LM/W3SVC/18/ROOT-1-131013714046040368
#FileName: C:\Program Files (x86)\IIS Express\iisexpress.exe
#BaseDirectory: D:\02.SoftData\99.DevProject\15.WFX\trunk\01.Src\wfx3.0\web\
#CurrentDirectory: C:\Program Files (x86)\IIS Express
#CommandLine: /config:"C:\Users\DX\Documents\IISExpress\config\applicationhost.config"  /site:"web(1)" /apppool:"Clr4ClassicAppPool"
#ApplicationType: Web
#CLR: 4.0.30319.42000
#OS: Windows NT 10.0.10586.0 x64, DX/DXD-PC
#CPU: Intel(R) Core(TM) i5-3470 CPU @ 3.20GHz BFEBFBFF000306A9
#Memory: 2,924M/10,185M
#Date: 2016-03-02
#字段: 时间 线程ID 线程池Y网页W普通N 线程名 消息内容
#Fields: Time ThreadID IsPoolThread ThreadName Message
13:50:14.112  3 W - NewLife.Core v5.4.2015.0511 Build 2015-09-15 21:09:08
13:50:14.296  3 W - -------微信接口配置相关信息GetJsApi_ticket--------jsapi_ticket：{"errcode":0,"errmsg":"ok","ticket":"kgt8ON7yVITDhtdwci0qeTfQwtXNb-DlGAtAMIWDI3v4QaG51M5L0OXUKKctMYmjtBvXydzg_qqy_EIs61-VfQ","expires_in":7200}  微信Token：V5SsqxmrSNZ0ej69ebMeqMY8kytNSb-jBfjJ8Dy26WbM8oMuYhuj6Km8sXUTA9vx9ZU-th8IDTH3mJ0wbM4Nx6IoASleB7hQrfpPeLqsCbYNHTfAAAICO
13:50:14.296  3 W - -------微信接口配置相关信息GetJsApi_ticket--------ticket：kgt8ON7yVITDhtdwci0qeTfQwtXNb-DlGAtAMIWDI3v4QaG51M5L0OXUKKctMYmjtBvXydzg_qqy_EIs61-VfQ  微信Token：V5SsqxmrSNZ0ej69ebMeqMY8kytNSb-jBfjJ8Dy26WbM8oMuYhuj6Km8sXUTA9vx9ZU-th8IDTH3mJ0wbM4Nx6IoASleB7hQrfpPeLqsCbYNHTfAAAICO

#Software: iisexpress
#ProcessID: 11344
#AppDomain: /LM/W3SVC/18/ROOT-1-131013714832484408
#FileName: C:\Program Files (x86)\IIS Express\iisexpress.exe
#BaseDirectory: D:\02.SoftData\99.DevProject\15.WFX\trunk\01.Src\wfx3.0\web\
#CurrentDirectory: C:\Program Files (x86)\IIS Express
#CommandLine: /config:"C:\Users\DX\Documents\IISExpress\config\applicationhost.config"  /site:"web(1)" /apppool:"Clr4ClassicAppPool"
#ApplicationType: Web
#CLR: 4.0.30319.42000
#OS: Windows NT 10.0.10586.0 x64, DX/DXD-PC
#CPU: Intel(R) Core(TM) i5-3470 CPU @ 3.20GHz BFEBFBFF000306A9
#Memory: 2,900M/10,185M
#Date: 2016-03-02
#字段: 时间 线程ID 线程池Y网页W普通N 线程名 消息内容
#Fields: Time ThreadID IsPoolThread ThreadName Message
13:51:36.787  9 W - NewLife.Core v5.4.2015.0511 Build 2015-09-15 21:09:08
13:51:36.982  9 W - -------微信接口配置相关信息GetJsApi_ticket--------jsapi_ticket：{"errcode":0,"errmsg":"ok","ticket":"kgt8ON7yVITDhtdwci0qeTfQwtXNb-DlGAtAMIWDI3v4QaG51M5L0OXUKKctMYmjtBvXydzg_qqy_EIs61-VfQ","expires_in":7200}  微信Token：bqLNYC5VfOdK02K7keMWlFtICwSyzGCZx08lOZkJMyUlEllkcH7koPOuLsEOSdtK1FbeuV3Tva3rz9_lPc10XfhftqQzYy3eXetSpqR1Z14PrX00EQT7ssPKeOez63tZDWIdAJAYRD
13:51:36.982  9 W - -------微信接口配置相关信息GetJsApi_ticket--------ticket：kgt8ON7yVITDhtdwci0qeTfQwtXNb-DlGAtAMIWDI3v4QaG51M5L0OXUKKctMYmjtBvXydzg_qqy_EIs61-VfQ  微信Token：bqLNYC5VfOdK02K7keMWlFtICwSyzGCZx08lOZkJMyUlEllkcH7koPOuLsEOSdtK1FbeuV3Tva3rz9_lPc10XfhftqQzYy3eXetSpqR1Z14PrX00EQT7ssPKeOez63tZDWIdAJAYRD

#Software: iisexpress
#ProcessID: 11900
#AppDomain: /LM/W3SVC/18/ROOT-1-131013715496038413
#FileName: C:\Program Files (x86)\IIS Express\iisexpress.exe
#BaseDirectory: D:\02.SoftData\99.DevProject\15.WFX\trunk\01.Src\wfx3.0\web\
#CurrentDirectory: C:\Program Files (x86)\IIS Express
#CommandLine: /config:"C:\Users\DX\Documents\IISExpress\config\applicationhost.config"  /site:"web(1)" /apppool:"Clr4ClassicAppPool"
#ApplicationType: Web
#CLR: 4.0.30319.42000
#OS: Windows NT 10.0.10586.0 x64, DX/DXD-PC
#CPU: Intel(R) Core(TM) i5-3470 CPU @ 3.20GHz BFEBFBFF000306A9
#Memory: 2,866M/10,185M
#Date: 2016-03-02
#字段: 时间 线程ID 线程池Y网页W普通N 线程名 消息内容
#Fields: Time ThreadID IsPoolThread ThreadName Message
13:52:40.290  3 W - NewLife.Core v5.4.2015.0511 Build 2015-09-15 21:09:08
13:52:40.489  3 W - -------微信接口配置相关信息GetJsApi_ticket--------jsapi_ticket：{"errcode":0,"errmsg":"ok","ticket":"kgt8ON7yVITDhtdwci0qeTfQwtXNb-DlGAtAMIWDI3v4QaG51M5L0OXUKKctMYmjtBvXydzg_qqy_EIs61-VfQ","expires_in":7200}  微信Token：n0Sl8UBHrOMoEOCCLkAgF1Zm_u24wSVYcXQJbzVQnCU2DCsVPEV6OAfBK6pht6-5EwDvnCz3M4RAdWqNqQn7e1PpXdgqk-X_1p9kAW7rK_pKI738zwNAsoS131zpAAl_MLIdAGAXWT
13:52:40.489  3 W - -------微信接口配置相关信息GetJsApi_ticket--------ticket：kgt8ON7yVITDhtdwci0qeTfQwtXNb-DlGAtAMIWDI3v4QaG51M5L0OXUKKctMYmjtBvXydzg_qqy_EIs61-VfQ  微信Token：n0Sl8UBHrOMoEOCCLkAgF1Zm_u24wSVYcXQJbzVQnCU2DCsVPEV6OAfBK6pht6-5EwDvnCz3M4RAdWqNqQn7e1PpXdgqk-X_1p9kAW7rK_pKI738zwNAsoS131zpAAl_MLIdAGAXWT

#Software: iisexpress
#ProcessID: 10632
#AppDomain: /LM/W3SVC/18/ROOT-1-131013715987634495
#FileName: C:\Program Files (x86)\IIS Express\iisexpress.exe
#BaseDirectory: D:\02.SoftData\99.DevProject\15.WFX\trunk\01.Src\wfx3.0\web\
#CurrentDirectory: C:\Program Files (x86)\IIS Express
#CommandLine: /config:"C:\Users\DX\Documents\IISExpress\config\applicationhost.config"  /site:"web(1)" /apppool:"Clr4ClassicAppPool"
#ApplicationType: Web
#CLR: 4.0.30319.42000
#OS: Windows NT 10.0.10586.0 x64, DX/DXD-PC
#CPU: Intel(R) Core(TM) i5-3470 CPU @ 3.20GHz BFEBFBFF000306A9
#Memory: 2,881M/10,185M
#Date: 2016-03-02
#字段: 时间 线程ID 线程池Y网页W普通N 线程名 消息内容
#Fields: Time ThreadID IsPoolThread ThreadName Message
13:53:30.715  3 W - NewLife.Core v5.4.2015.0511 Build 2015-09-15 21:09:08
13:53:30.902  3 W - -------微信接口配置相关信息GetJsApi_ticket--------jsapi_ticket：{"errcode":0,"errmsg":"ok","ticket":"kgt8ON7yVITDhtdwci0qeTfQwtXNb-DlGAtAMIWDI3v4QaG51M5L0OXUKKctMYmjtBvXydzg_qqy_EIs61-VfQ","expires_in":7200}  微信Token：2o65CJsVF7UDG6IEiMzEbRxTp1XiMo2r0MMA1Ixz2x6eruYvKBx6drdERbQ5Cn_0Nz7luGHL7iIhGx9q-XQm2pel4D4vfqHtlJAer8-yDLdMxyUjN9VE50AxZpTm6-YABWEeACAEZH
13:53:30.903  3 W - -------微信接口配置相关信息GetJsApi_ticket--------ticket：kgt8ON7yVITDhtdwci0qeTfQwtXNb-DlGAtAMIWDI3v4QaG51M5L0OXUKKctMYmjtBvXydzg_qqy_EIs61-VfQ  微信Token：2o65CJsVF7UDG6IEiMzEbRxTp1XiMo2r0MMA1Ixz2x6eruYvKBx6drdERbQ5Cn_0Nz7luGHL7iIhGx9q-XQm2pel4D4vfqHtlJAer8-yDLdMxyUjN9VE50AxZpTm6-YABWEeACAEZH

#Software: iisexpress
#ProcessID: 13356
#AppDomain: /LM/W3SVC/18/ROOT-1-131013716740801283
#FileName: C:\Program Files (x86)\IIS Express\iisexpress.exe
#BaseDirectory: D:\02.SoftData\99.DevProject\15.WFX\trunk\01.Src\wfx3.0\web\
#CurrentDirectory: C:\Program Files (x86)\IIS Express
#CommandLine: /config:"C:\Users\DX\Documents\IISExpress\config\applicationhost.config"  /site:"web(1)" /apppool:"Clr4ClassicAppPool"
#ApplicationType: Web
#CLR: 4.0.30319.42000
#OS: Windows NT 10.0.10586.0 x64, DX/DXD-PC
#CPU: Intel(R) Core(TM) i5-3470 CPU @ 3.20GHz BFEBFBFF000306A9
#Memory: 2,946M/10,185M
#Date: 2016-03-02
#字段: 时间 线程ID 线程池Y网页W普通N 线程名 消息内容
#Fields: Time ThreadID IsPoolThread ThreadName Message
13:54:45.198  3 W - NewLife.Core v5.4.2015.0511 Build 2015-09-15 21:09:08
13:54:45.387  3 W - -------微信接口配置相关信息GetJsApi_ticket--------jsapi_ticket：{"errcode":0,"errmsg":"ok","ticket":"kgt8ON7yVITDhtdwci0qeTfQwtXNb-DlGAtAMIWDI3v4QaG51M5L0OXUKKctMYmjtBvXydzg_qqy_EIs61-VfQ","expires_in":7200}  微信Token：_1mMQLchK7_0gFWO-TxS_aU_eOabs0KtYrBQBqONJQo-So8JZjzEiRQGWvRPC1WvgqKTZA2za4lg6iQnezC1D4iHs3ui_u-5rWWUkelkODNiBZNQ3uVYG9BoOGfPMH-WVVRfABAFFB
13:54:45.387  3 W - -------微信接口配置相关信息GetJsApi_ticket--------ticket：kgt8ON7yVITDhtdwci0qeTfQwtXNb-DlGAtAMIWDI3v4QaG51M5L0OXUKKctMYmjtBvXydzg_qqy_EIs61-VfQ  微信Token：_1mMQLchK7_0gFWO-TxS_aU_eOabs0KtYrBQBqONJQo-So8JZjzEiRQGWvRPC1WvgqKTZA2za4lg6iQnezC1D4iHs3ui_u-5rWWUkelkODNiBZNQ3uVYG9BoOGfPMH-WVVRfABAFFB

#Software: iisexpress
#ProcessID: 6112
#AppDomain: /LM/W3SVC/18/ROOT-1-131013726544738744
#FileName: C:\Program Files (x86)\IIS Express\iisexpress.exe
#BaseDirectory: D:\02.SoftData\99.DevProject\15.WFX\trunk\01.Src\wfx3.0\web\
#CurrentDirectory: C:\Program Files (x86)\IIS Express
#CommandLine: /config:"C:\Users\DX\Documents\IISExpress\config\applicationhost.config"  /site:"web(1)" /apppool:"Clr4ClassicAppPool"
#ApplicationType: Web
#CLR: 4.0.30319.42000
#OS: Windows NT 10.0.10586.0 x64, DX/DXD-PC
#CPU: Intel(R) Core(TM) i5-3470 CPU @ 3.20GHz BFEBFBFF000306A9
#Memory: 2,833M/10,185M
#Date: 2016-03-02
#字段: 时间 线程ID 线程池Y网页W普通N 线程名 消息内容
#Fields: Time ThreadID IsPoolThread ThreadName Message
14:11:42.686 10 W - NewLife.Core v5.4.2015.0511 Build 2015-09-15 21:09:08
14:11:42.885 10 W - -------微信接口配置相关信息GetJsApi_ticket--------jsapi_ticket：{"errcode":0,"errmsg":"ok","ticket":"kgt8ON7yVITDhtdwci0qeTfQwtXNb-DlGAtAMIWDI3sXVaM19ZLVQzIs2GM_CwdNvHR5WzyK2jfhD8ln3YSQXA","expires_in":7200}  微信Token：hbCNqoEIRjHV6HUnBWqTewLG7b_8A3XubhM2e-trSNQSb82heMNY-UcoVFnNbyiLSsXgYVX98XoqEEjszXXWwEjyJ_EcIUvzNCtr0dTvgWb6aw18dWnIulrmtpLkuVXyWFDeAEAMVT
14:11:42.885 10 W - -------微信接口配置相关信息GetJsApi_ticket--------ticket：kgt8ON7yVITDhtdwci0qeTfQwtXNb-DlGAtAMIWDI3sXVaM19ZLVQzIs2GM_CwdNvHR5WzyK2jfhD8ln3YSQXA  微信Token：hbCNqoEIRjHV6HUnBWqTewLG7b_8A3XubhM2e-trSNQSb82heMNY-UcoVFnNbyiLSsXgYVX98XoqEEjszXXWwEjyJ_EcIUvzNCtr0dTvgWb6aw18dWnIulrmtpLkuVXyWFDeAEAMVT

#Software: iisexpress
#ProcessID: 4020
#AppDomain: /LM/W3SVC/18/ROOT-1-131013728213238063
#FileName: C:\Program Files (x86)\IIS Express\iisexpress.exe
#BaseDirectory: D:\02.SoftData\99.DevProject\15.WFX\trunk\01.Src\wfx3.0\web\
#CurrentDirectory: C:\Program Files (x86)\IIS Express
#CommandLine: /config:"C:\Users\DX\Documents\IISExpress\config\applicationhost.config"  /site:"web(1)" /apppool:"Clr4ClassicAppPool"
#ApplicationType: Web
#CLR: 4.0.30319.42000
#OS: Windows NT 10.0.10586.0 x64, DX/DXD-PC
#CPU: Intel(R) Core(TM) i5-3470 CPU @ 3.20GHz BFEBFBFF000306A9
#Memory: 3,026M/10,185M
#Date: 2016-03-02
#字段: 时间 线程ID 线程池Y网页W普通N 线程名 消息内容
#Fields: Time ThreadID IsPoolThread ThreadName Message
14:13:51.243  3 W - NewLife.Core v5.4.2015.0511 Build 2015-09-15 21:09:08
14:13:51.432  3 W - -------微信接口配置相关信息GetJsApi_ticket--------jsapi_ticket：{"errcode":0,"errmsg":"ok","ticket":"kgt8ON7yVITDhtdwci0qeTfQwtXNb-DlGAtAMIWDI3sXVaM19ZLVQzIs2GM_CwdNvHR5WzyK2jfhD8ln3YSQXA","expires_in":7200}  微信Token：zz4ZOqlspKESPl_-PySzfMORDo4QXT7CrQUttDHwxyJz2r2jR5foFTYVnq5Wpz5PNQRy5jEHUvIEDSfzV4vhI5bhIvOun-lN7k3321MhwkpHlgamGq2g-at7bZzWSho5VUVeAJAONO
14:13:51.432  3 W - -------微信接口配置相关信息GetJsApi_ticket--------ticket：kgt8ON7yVITDhtdwci0qeTfQwtXNb-DlGAtAMIWDI3sXVaM19ZLVQzIs2GM_CwdNvHR5WzyK2jfhD8ln3YSQXA  微信Token：zz4ZOqlspKESPl_-PySzfMORDo4QXT7CrQUttDHwxyJz2r2jR5foFTYVnq5Wpz5PNQRy5jEHUvIEDSfzV4vhI5bhIvOun-lN7k3321MhwkpHlgamGq2g-at7bZzWSho5VUVeAJAONO

#Software: iisexpress
#ProcessID: 15580
#AppDomain: /LM/W3SVC/18/ROOT-1-131013729084561315
#FileName: C:\Program Files (x86)\IIS Express\iisexpress.exe
#BaseDirectory: D:\02.SoftData\99.DevProject\15.WFX\trunk\01.Src\wfx3.0\web\
#CurrentDirectory: C:\Program Files (x86)\IIS Express
#CommandLine: /config:"C:\Users\DX\Documents\IISExpress\config\applicationhost.config"  /site:"web(1)" /apppool:"Clr4ClassicAppPool"
#ApplicationType: Web
#CLR: 4.0.30319.42000
#OS: Windows NT 10.0.10586.0 x64, DX/DXD-PC
#CPU: Intel(R) Core(TM) i5-3470 CPU @ 3.20GHz BFEBFBFF000306A9
#Memory: 3,051M/10,185M
#Date: 2016-03-02
#字段: 时间 线程ID 线程池Y网页W普通N 线程名 消息内容
#Fields: Time ThreadID IsPoolThread ThreadName Message
14:15:55.537  9 W - NewLife.Core v5.4.2015.0511 Build 2015-09-15 21:09:08
14:15:55.724  9 W - -------微信接口配置相关信息GetJsApi_ticket--------jsapi_ticket：{"errcode":0,"errmsg":"ok","ticket":"kgt8ON7yVITDhtdwci0qeTfQwtXNb-DlGAtAMIWDI3sXVaM19ZLVQzIs2GM_CwdNvHR5WzyK2jfhD8ln3YSQXA","expires_in":7200}  微信Token：kY5XovWT35zmmLaWr5D7nyO9bLR5_S8B20rav7S_HWoVQA8QNy_sf6i1Sut2Dk5NETo7quouhaDrfN0_SVm7ZQ4iR0xBcblXVDsLYkDtcex9pjFWMlRczOXnNbBJlT6sWONaAHAPHG
14:15:55.724  9 W - -------微信接口配置相关信息GetJsApi_ticket--------ticket：kgt8ON7yVITDhtdwci0qeTfQwtXNb-DlGAtAMIWDI3sXVaM19ZLVQzIs2GM_CwdNvHR5WzyK2jfhD8ln3YSQXA  微信Token：kY5XovWT35zmmLaWr5D7nyO9bLR5_S8B20rav7S_HWoVQA8QNy_sf6i1Sut2Dk5NETo7quouhaDrfN0_SVm7ZQ4iR0xBcblXVDsLYkDtcex9pjFWMlRczOXnNbBJlT6sWONaAHAPHG
